{"/Users/manuelreil/alyne.com/dev/json-rules-engine/src/almanac.js": {"path":"/Users/manuelreil/alyne.com/dev/json-rules-engine/src/almanac.js","statementMap":{"0":{"start":{"line":3,"column":0},"end":{"line":3,"column":null}},"1":{"start":{"line":4,"column":0},"end":{"line":4,"column":null}},"2":{"start":{"line":5,"column":0},"end":{"line":5,"column":null}},"3":{"start":{"line":7,"column":0},"end":{"line":7,"column":null}},"4":{"start":{"line":10,"column":2},"end":{"line":10,"column":9}},"5":{"start":{"line":19,"column":29},"end":{"line":19,"column":28}},"6":{"start":{"line":19,"column":29},"end":{"line":19,"column":null}},"7":{"start":{"line":20,"column":4},"end":{"line":20,"column":9}},"8":{"start":{"line":21,"column":4},"end":{"line":21,"column":9}},"9":{"start":{"line":22,"column":4},"end":{"line":22,"column":9}},"10":{"start":{"line":23,"column":4},"end":{"line":23,"column":9}},"11":{"start":{"line":24,"column":4},"end":{"line":24,"column":9}},"12":{"start":{"line":25,"column":4},"end":{"line":25,"column":9}},"13":{"start":{"line":33,"column":4},"end":{"line":33,"column":24}},"14":{"start":{"line":33,"column":18},"end":{"line":33,"column":24}},"15":{"start":{"line":34,"column":4},"end":{"line":34,"column":9}},"16":{"start":{"line":40,"column":27},"end":{"line":40,"column":26}},"17":{"start":{"line":41,"column":4},"end":{"line":41,"column":24}},"18":{"start":{"line":41,"column":17},"end":{"line":41,"column":24}},"19":{"start":{"line":42,"column":4},"end":{"line":42,"column":11}},"20":{"start":{"line":50,"column":4},"end":{"line":50,"column":9}},"21":{"start":{"line":57,"column":4},"end":{"line":57,"column":11}},"22":{"start":{"line":66,"column":4},"end":{"line":66,"column":11}},"23":{"start":{"line":74,"column":4},"end":{"line":74,"column":9}},"24":{"start":{"line":75,"column":4},"end":{"line":75,"column":9}},"25":{"start":{"line":85,"column":21},"end":{"line":85,"column":26}},"26":{"start":{"line":86,"column":22},"end":{"line":86,"column":30}},"27":{"start":{"line":87,"column":4},"end":{"line":89,"column":null}},"28":{"start":{"line":88,"column":6},"end":{"line":88,"column":11}},"29":{"start":{"line":90,"column":4},"end":{"line":90,"column":11}},"30":{"start":{"line":100,"column":17},"end":{"line":100,"column":null}},"31":{"start":{"line":101,"column":8},"end":{"line":101,"column":null}},"32":{"start":{"line":102,"column":4},"end":{"line":107,"column":null}},"33":{"start":{"line":103,"column":6},"end":{"line":103,"column":15}},"34":{"start":{"line":104,"column":6},"end":{"line":104,"column":13}},"35":{"start":{"line":106,"column":6},"end":{"line":106,"column":13}},"36":{"start":{"line":108,"column":4},"end":{"line":108,"column":10}},"37":{"start":{"line":109,"column":4},"end":{"line":109,"column":9}},"38":{"start":{"line":110,"column":4},"end":{"line":112,"column":null}},"39":{"start":{"line":111,"column":6},"end":{"line":111,"column":11}},"40":{"start":{"line":113,"column":4},"end":{"line":113,"column":11}},"41":{"start":{"line":123,"column":4},"end":{"line":123,"column":10}},"42":{"start":{"line":124,"column":17},"end":{"line":124,"column":21}},"43":{"start":{"line":125,"column":4},"end":{"line":125,"column":11}},"44":{"start":{"line":136,"column":45},"end":{"line":136,"column":null}},"45":{"start":{"line":136,"column":45},"end":{"line":136,"column":34}},"46":{"start":{"line":136,"column":45},"end":{"line":136,"column":44}},"47":{"start":{"line":137,"column":8},"end":{"line":137,"column":null}},"48":{"start":{"line":138,"column":17},"end":{"line":138,"column":22}},"49":{"start":{"line":139,"column":4},"end":{"line":145,"column":null}},"50":{"start":{"line":140,"column":6},"end":{"line":144,"column":null}},"51":{"start":{"line":141,"column":8},"end":{"line":141,"column":15}},"52":{"start":{"line":143,"column":8},"end":{"line":143,"column":15}},"53":{"start":{"line":146,"column":4},"end":{"line":158,"column":null}},"54":{"start":{"line":147,"column":6},"end":{"line":147,"column":25}},"55":{"start":{"line":149,"column":23},"end":{"line":149,"column":28}},"56":{"start":{"line":150,"column":23},"end":{"line":150,"column":40}},"57":{"start":{"line":151,"column":6},"end":{"line":157,"column":null}},"58":{"start":{"line":152,"column":8},"end":{"line":152,"column":27}},"59":{"start":{"line":153,"column":8},"end":{"line":153,"column":14}},"60":{"start":{"line":155,"column":8},"end":{"line":155,"column":14}},"61":{"start":{"line":156,"column":8},"end":{"line":156,"column":27}},"62":{"start":{"line":159,"column":4},"end":{"line":172,"column":null}},"63":{"start":{"line":160,"column":6},"end":{"line":160,"column":12}},"64":{"start":{"line":161,"column":6},"end":{"line":161,"column":13}},"65":{"start":{"line":163,"column":10},"end":{"line":170,"column":null}},"66":{"start":{"line":164,"column":30},"end":{"line":164,"column":35}},"67":{"start":{"line":165,"column":12},"end":{"line":165,"column":18}},"68":{"start":{"line":166,"column":12},"end":{"line":166,"column":19}},"69":{"start":{"line":168,"column":12},"end":{"line":168,"column":18}},"70":{"start":{"line":169,"column":12},"end":{"line":169,"column":19}},"71":{"start":{"line":174,"column":4},"end":{"line":174,"column":11}},"72":{"start":{"line":181,"column":4},"end":{"line":183,"column":null}},"73":{"start":{"line":182,"column":6},"end":{"line":182,"column":13}},"74":{"start":{"line":184,"column":4},"end":{"line":184,"column":11}}},"fnMap":{"0":{"name":"defaultPathResolver","decl":{"start":{"line":9,"column":9},"end":{"line":9,"column":30}},"loc":{"start":{"line":9,"column":43},"end":{"line":11,"column":null}}},"1":{"name":"Almanac","decl":{"start":{"line":19,"column":2},"end":{"line":19,"column":15}},"loc":{"start":{"line":19,"column":29},"end":{"line":26,"column":null}}},"2":{"name":"addEvent","decl":{"start":{"line":32,"column":12},"end":{"line":32,"column":19}},"loc":{"start":{"line":32,"column":28},"end":{"line":35,"column":null}}},"3":{"name":"getEvents","decl":{"start":{"line":40,"column":27},"end":{"line":40,"column":null}},"loc":{"start":{"line":40,"column":27},"end":{"line":43,"column":null}}},"4":{"name":"addResult","decl":{"start":{"line":49,"column":13},"end":{"line":49,"column":25}},"loc":{"start":{"line":49,"column":25},"end":{"line":51,"column":null}}},"5":{"name":"getResults","decl":{"start":{"line":56,"column":16},"end":{"line":56,"column":null}},"loc":{"start":{"line":56,"column":16},"end":{"line":58,"column":null}}},"6":{"name":"_getFact","decl":{"start":{"line":65,"column":12},"end":{"line":65,"column":20}},"loc":{"start":{"line":65,"column":20},"end":{"line":67,"column":null}}},"7":{"name":"_addConstantFact","decl":{"start":{"line":73,"column":20},"end":{"line":73,"column":26}},"loc":{"start":{"line":73,"column":26},"end":{"line":76,"column":null}}},"8":{"name":"_setFactValue","decl":{"start":{"line":84,"column":17},"end":{"line":84,"column":23}},"loc":{"start":{"line":84,"column":38},"end":{"line":91,"column":null}}},"9":{"name":"addFact","decl":{"start":{"line":99,"column":11},"end":{"line":99,"column":15}},"loc":{"start":{"line":99,"column":39},"end":{"line":114,"column":null}}},"10":{"name":"addRuntimeFact","decl":{"start":{"line":122,"column":18},"end":{"line":122,"column":26}},"loc":{"start":{"line":122,"column":33},"end":{"line":126,"column":null}}},"11":{"name":"factValue","decl":{"start":{"line":136,"column":13},"end":{"line":136,"column":21}},"loc":{"start":{"line":136,"column":45},"end":{"line":175,"column":null}}},"12":{"name":"(anonymous_20)","decl":{"start":{"line":162,"column":14},"end":{"line":162,"column":27}},"loc":{"start":{"line":162,"column":27},"end":{"line":171,"column":null}}},"13":{"name":"getValue","decl":{"start":{"line":180,"column":12},"end":{"line":180,"column":19}},"loc":{"start":{"line":180,"column":19},"end":{"line":185,"column":null}}}},"branchMap":{"0":{"loc":{"start":{"line":19,"column":29},"end":{"line":19,"column":28}},"type":"cond-expr","locations":[{"start":{"line":19,"column":29},"end":{"line":19,"column":null}},{"start":{"line":19,"column":25},"end":{"line":19,"column":29}}]},"1":{"loc":{"start":{"line":19,"column":29},"end":{"line":19,"column":null}},"type":"binary-expr","locations":[{"start":{"line":19,"column":29},"end":{"line":19,"column":null}},{"start":{"line":19,"column":29},"end":{"line":19,"column":null}}]},"2":{"loc":{"start":{"line":23,"column":24},"end":{"line":23,"column":null}},"type":"binary-expr","locations":[{"start":{"line":23,"column":24},"end":{"line":23,"column":48}},{"start":{"line":23,"column":48},"end":{"line":23,"column":null}}]},"3":{"loc":{"start":{"line":33,"column":4},"end":{"line":33,"column":24}},"type":"if","locations":[{"start":{"line":33,"column":4},"end":{"line":33,"column":24}}]},"4":{"loc":{"start":{"line":40,"column":27},"end":{"line":40,"column":26}},"type":"cond-expr","locations":[{"start":{"line":40,"column":27},"end":{"line":40,"column":null}},{"start":{"line":40,"column":23},"end":{"line":40,"column":27}}]},"5":{"loc":{"start":{"line":40,"column":27},"end":{"line":40,"column":null}},"type":"binary-expr","locations":[{"start":{"line":40,"column":27},"end":{"line":40,"column":null}},{"start":{"line":40,"column":27},"end":{"line":40,"column":null}}]},"6":{"loc":{"start":{"line":41,"column":4},"end":{"line":41,"column":24}},"type":"if","locations":[{"start":{"line":41,"column":4},"end":{"line":41,"column":24}}]},"7":{"loc":{"start":{"line":87,"column":4},"end":{"line":89,"column":null}},"type":"if","locations":[{"start":{"line":87,"column":4},"end":{"line":89,"column":null}}]},"8":{"loc":{"start":{"line":102,"column":4},"end":{"line":107,"column":null}},"type":"if","locations":[{"start":{"line":102,"column":4},"end":{"line":107,"column":null}},{"start":{"line":105,"column":11},"end":{"line":107,"column":null}}]},"9":{"loc":{"start":{"line":110,"column":4},"end":{"line":112,"column":null}},"type":"if","locations":[{"start":{"line":110,"column":4},"end":{"line":112,"column":null}}]},"10":{"loc":{"start":{"line":136,"column":45},"end":{"line":136,"column":34}},"type":"cond-expr","locations":[{"start":{"line":136,"column":45},"end":{"line":136,"column":null}},{"start":{"line":136,"column":30},"end":{"line":136,"column":34}}]},"11":{"loc":{"start":{"line":136,"column":45},"end":{"line":136,"column":null}},"type":"binary-expr","locations":[{"start":{"line":136,"column":45},"end":{"line":136,"column":null}},{"start":{"line":136,"column":45},"end":{"line":136,"column":null}}]},"12":{"loc":{"start":{"line":136,"column":45},"end":{"line":136,"column":44}},"type":"cond-expr","locations":[{"start":{"line":136,"column":45},"end":{"line":136,"column":null}},{"start":{"line":136,"column":41},"end":{"line":136,"column":45}}]},"13":{"loc":{"start":{"line":139,"column":4},"end":{"line":145,"column":null}},"type":"if","locations":[{"start":{"line":139,"column":4},"end":{"line":145,"column":null}}]},"14":{"loc":{"start":{"line":140,"column":6},"end":{"line":144,"column":null}},"type":"if","locations":[{"start":{"line":140,"column":6},"end":{"line":144,"column":null}},{"start":{"line":142,"column":13},"end":{"line":144,"column":null}}]},"15":{"loc":{"start":{"line":146,"column":4},"end":{"line":158,"column":null}},"type":"if","locations":[{"start":{"line":146,"column":4},"end":{"line":158,"column":null}},{"start":{"line":148,"column":11},"end":{"line":158,"column":null}}]},"16":{"loc":{"start":{"line":150,"column":23},"end":{"line":150,"column":40}},"type":"binary-expr","locations":[{"start":{"line":150,"column":23},"end":{"line":150,"column":35}},{"start":{"line":150,"column":35},"end":{"line":150,"column":40}}]},"17":{"loc":{"start":{"line":151,"column":6},"end":{"line":157,"column":null}},"type":"if","locations":[{"start":{"line":151,"column":6},"end":{"line":157,"column":null}},{"start":{"line":154,"column":13},"end":{"line":157,"column":null}}]},"18":{"loc":{"start":{"line":159,"column":4},"end":{"line":172,"column":null}},"type":"if","locations":[{"start":{"line":159,"column":4},"end":{"line":172,"column":null}}]},"19":{"loc":{"start":{"line":163,"column":10},"end":{"line":170,"column":null}},"type":"if","locations":[{"start":{"line":163,"column":10},"end":{"line":170,"column":null}},{"start":{"line":167,"column":17},"end":{"line":170,"column":null}}]},"20":{"loc":{"start":{"line":163,"column":14},"end":{"line":163,"column":66}},"type":"binary-expr","locations":[{"start":{"line":163,"column":14},"end":{"line":163,"column":35}},{"start":{"line":163,"column":35},"end":{"line":163,"column":66}}]},"21":{"loc":{"start":{"line":163,"column":35},"end":{"line":163,"column":42}},"type":"cond-expr","locations":[{"start":{"line":163,"column":35},"end":{"line":163,"column":42}},{"start":{"line":163,"column":35},"end":{"line":163,"column":42}}]},"22":{"loc":{"start":{"line":168,"column":104},"end":{"line":168,"column":117}},"type":"cond-expr","locations":[{"start":{"line":168,"column":104},"end":{"line":168,"column":117}},{"start":{"line":168,"column":104},"end":{"line":168,"column":117}}]},"23":{"loc":{"start":{"line":181,"column":4},"end":{"line":183,"column":null}},"type":"if","locations":[{"start":{"line":181,"column":4},"end":{"line":183,"column":null}}]},"24":{"loc":{"start":{"line":181,"column":8},"end":{"line":181,"column":61}},"type":"binary-expr","locations":[{"start":{"line":181,"column":8},"end":{"line":181,"column":25}},{"start":{"line":181,"column":25},"end":{"line":181,"column":54}},{"start":{"line":181,"column":54},"end":{"line":181,"column":61}}]},"25":{"loc":{"start":{"line":181,"column":25},"end":{"line":181,"column":32}},"type":"cond-expr","locations":[{"start":{"line":181,"column":25},"end":{"line":181,"column":32}},{"start":{"line":181,"column":25},"end":{"line":181,"column":32}}]}},"s":{"0":1,"1":1,"2":1,"3":1,"4":0,"5":0,"6":0,"7":0,"8":0,"9":0,"10":0,"11":0,"12":0,"13":0,"14":0,"15":0,"16":0,"17":0,"18":0,"19":0,"20":0,"21":0,"22":0,"23":0,"24":0,"25":0,"26":0,"27":0,"28":0,"29":0,"30":0,"31":0,"32":0,"33":0,"34":0,"35":0,"36":0,"37":0,"38":0,"39":0,"40":0,"41":0,"42":0,"43":0,"44":0,"45":0,"46":0,"47":0,"48":0,"49":0,"50":0,"51":0,"52":0,"53":0,"54":0,"55":0,"56":0,"57":0,"58":0,"59":0,"60":0,"61":0,"62":0,"63":0,"64":0,"65":0,"66":0,"67":0,"68":0,"69":0,"70":0,"71":0,"72":0,"73":0,"74":0},"f":{"0":0,"1":0,"2":0,"3":0,"4":0,"5":0,"6":0,"7":0,"8":0,"9":0,"10":0,"11":0,"12":0,"13":0},"b":{"0":[0,0],"1":[0,0],"2":[0,0],"3":[0],"4":[0,0],"5":[0,0],"6":[0],"7":[0],"8":[0,0],"9":[0],"10":[0,0],"11":[0,0],"12":[0,0],"13":[0],"14":[0,0],"15":[0,0],"16":[0,0],"17":[0,0],"18":[0],"19":[0,0],"20":[0,0],"21":[0,0],"22":[0,0],"23":[0],"24":[0,0,0],"25":[0,0]}}
,"/Users/manuelreil/alyne.com/dev/json-rules-engine/src/condition.js": {"path":"/Users/manuelreil/alyne.com/dev/json-rules-engine/src/condition.js","statementMap":{"0":{"start":{"line":3,"column":0},"end":{"line":3,"column":null}},"1":{"start":{"line":6,"column":27},"end":{"line":6,"column":null}},"2":{"start":{"line":7,"column":4},"end":{"line":7,"column":27}},"3":{"start":{"line":7,"column":21},"end":{"line":7,"column":27}},"4":{"start":{"line":8,"column":28},"end":{"line":8,"column":38}},"5":{"start":{"line":9,"column":4},"end":{"line":9,"column":11}},"6":{"start":{"line":10,"column":4},"end":{"line":33,"column":null}},"7":{"start":{"line":11,"column":28},"end":{"line":11,"column":39}},"8":{"start":{"line":12,"column":35},"end":{"line":12,"column":41}},"9":{"start":{"line":13,"column":6},"end":{"line":13,"column":null}},"10":{"start":{"line":13,"column":64},"end":{"line":13,"column":70}},"11":{"start":{"line":14,"column":6},"end":{"line":14,"column":null}},"12":{"start":{"line":14,"column":63},"end":{"line":14,"column":69}},"13":{"start":{"line":15,"column":6},"end":{"line":15,"column":11}},"14":{"start":{"line":17,"column":6},"end":{"line":17,"column":11}},"15":{"start":{"line":18,"column":6},"end":{"line":22,"column":null}},"16":{"start":{"line":19,"column":8},"end":{"line":19,"column":13}},"17":{"start":{"line":19,"column":50},"end":{"line":19,"column":51}},"18":{"start":{"line":21,"column":8},"end":{"line":21,"column":13}},"19":{"start":{"line":23,"column":11},"end":{"line":33,"column":null}},"20":{"start":{"line":24,"column":6},"end":{"line":24,"column":null}},"21":{"start":{"line":24,"column":71},"end":{"line":24,"column":77}},"22":{"start":{"line":25,"column":6},"end":{"line":25,"column":null}},"23":{"start":{"line":25,"column":75},"end":{"line":25,"column":81}},"24":{"start":{"line":26,"column":6},"end":{"line":26,"column":null}},"25":{"start":{"line":26,"column":72},"end":{"line":26,"column":78}},"26":{"start":{"line":30,"column":6},"end":{"line":32,"column":null}},"27":{"start":{"line":31,"column":8},"end":{"line":31,"column":19}},"28":{"start":{"line":41,"column":28},"end":{"line":41,"column":27}},"29":{"start":{"line":42,"column":18},"end":{"line":42,"column":null}},"30":{"start":{"line":43,"column":4},"end":{"line":45,"column":null}},"31":{"start":{"line":44,"column":6},"end":{"line":44,"column":12}},"32":{"start":{"line":46,"column":4},"end":{"line":48,"column":null}},"33":{"start":{"line":47,"column":6},"end":{"line":47,"column":12}},"34":{"start":{"line":49,"column":17},"end":{"line":49,"column":27}},"35":{"start":{"line":50,"column":4},"end":{"line":77,"column":null}},"36":{"start":{"line":51,"column":6},"end":{"line":55,"column":null}},"37":{"start":{"line":52,"column":8},"end":{"line":52,"column":14}},"38":{"start":{"line":52,"column":37},"end":{"line":52,"column":38}},"39":{"start":{"line":54,"column":8},"end":{"line":54,"column":14}},"40":{"start":{"line":56,"column":11},"end":{"line":77,"column":null}},"41":{"start":{"line":57,"column":6},"end":{"line":57,"column":12}},"42":{"start":{"line":59,"column":6},"end":{"line":59,"column":12}},"43":{"start":{"line":60,"column":6},"end":{"line":60,"column":12}},"44":{"start":{"line":61,"column":6},"end":{"line":61,"column":12}},"45":{"start":{"line":62,"column":6},"end":{"line":64,"column":null}},"46":{"start":{"line":63,"column":8},"end":{"line":63,"column":14}},"47":{"start":{"line":65,"column":6},"end":{"line":67,"column":null}},"48":{"start":{"line":66,"column":8},"end":{"line":66,"column":14}},"49":{"start":{"line":68,"column":6},"end":{"line":70,"column":null}},"50":{"start":{"line":69,"column":8},"end":{"line":69,"column":14}},"51":{"start":{"line":71,"column":6},"end":{"line":73,"column":null}},"52":{"start":{"line":72,"column":8},"end":{"line":72,"column":14}},"53":{"start":{"line":74,"column":6},"end":{"line":76,"column":null}},"54":{"start":{"line":75,"column":8},"end":{"line":75,"column":14}},"55":{"start":{"line":78,"column":4},"end":{"line":80,"column":null}},"56":{"start":{"line":79,"column":6},"end":{"line":79,"column":13}},"57":{"start":{"line":81,"column":4},"end":{"line":81,"column":11}},"58":{"start":{"line":93,"column":34},"end":{"line":93,"column":null}},"59":{"start":{"line":94,"column":4},"end":{"line":94,"column":25}},"60":{"start":{"line":94,"column":18},"end":{"line":94,"column":25}},"61":{"start":{"line":95,"column":4},"end":{"line":95,"column":29}},"62":{"start":{"line":95,"column":22},"end":{"line":95,"column":29}},"63":{"start":{"line":96,"column":4},"end":{"line":96,"column":null}},"64":{"start":{"line":96,"column":36},"end":{"line":96,"column":43}},"65":{"start":{"line":98,"column":15},"end":{"line":98,"column":27}},"66":{"start":{"line":99,"column":4},"end":{"line":99,"column":null}},"67":{"start":{"line":99,"column":15},"end":{"line":99,"column":22}},"68":{"start":{"line":101,"column":4},"end":{"line":101,"column":11}},"69":{"start":{"line":104,"column":57},"end":{"line":104,"column":null}},"70":{"start":{"line":105,"column":21},"end":{"line":105,"column":24}},"71":{"start":{"line":106,"column":6},"end":{"line":106,"column":null}},"72":{"start":{"line":114,"column":6},"end":{"line":114,"column":13}},"73":{"start":{"line":144,"column":4},"end":{"line":144,"column":11}},"74":{"start":{"line":152,"column":4},"end":{"line":152,"column":11}},"75":{"start":{"line":160,"column":4},"end":{"line":160,"column":11}},"76":{"start":{"line":129,"column":4},"end":{"line":135,"column":null}},"77":{"start":{"line":130,"column":6},"end":{"line":130,"column":13}},"78":{"start":{"line":131,"column":11},"end":{"line":135,"column":null}},"79":{"start":{"line":132,"column":6},"end":{"line":132,"column":13}},"80":{"start":{"line":133,"column":11},"end":{"line":135,"column":null}},"81":{"start":{"line":134,"column":6},"end":{"line":134,"column":13}}},"fnMap":{"0":{"name":"Condition","decl":{"start":{"line":6,"column":2},"end":{"line":6,"column":15}},"loc":{"start":{"line":6,"column":27},"end":{"line":34,"column":null}}},"1":{"name":"(anonymous_10)","decl":{"start":{"line":19,"column":50},"end":{"line":19,"column":51}},"loc":{"start":{"line":19,"column":50},"end":{"line":19,"column":51}}},"2":{"name":"toJSON","decl":{"start":{"line":41,"column":28},"end":{"line":41,"column":null}},"loc":{"start":{"line":41,"column":28},"end":{"line":82,"column":null}}},"3":{"name":"(anonymous_12)","decl":{"start":{"line":52,"column":37},"end":{"line":52,"column":38}},"loc":{"start":{"line":52,"column":37},"end":{"line":52,"column":38}}},"4":{"name":"evaluate","decl":{"start":{"line":93,"column":12},"end":{"line":93,"column":21}},"loc":{"start":{"line":93,"column":34},"end":{"line":121,"column":null}}},"5":{"name":"(anonymous_14)","decl":{"start":{"line":104,"column":12},"end":{"line":104,"column":14}},"loc":{"start":{"line":104,"column":57},"end":{"line":120,"column":null}}},"6":{"name":"booleanOperator","decl":{"start":{"line":143,"column":21},"end":{"line":143,"column":null}},"loc":{"start":{"line":143,"column":21},"end":{"line":145,"column":null}}},"7":{"name":"isBooleanOperator","decl":{"start":{"line":151,"column":23},"end":{"line":151,"column":null}},"loc":{"start":{"line":151,"column":23},"end":{"line":153,"column":null}}},"8":{"name":"isConditionReference","decl":{"start":{"line":159,"column":26},"end":{"line":159,"column":null}},"loc":{"start":{"line":159,"column":26},"end":{"line":161,"column":null}}},"9":{"name":"booleanOperator","decl":{"start":{"line":128,"column":26},"end":{"line":128,"column":37}},"loc":{"start":{"line":128,"column":37},"end":{"line":136,"column":null}}}},"branchMap":{"0":{"loc":{"start":{"line":7,"column":4},"end":{"line":7,"column":27}},"type":"if","locations":[{"start":{"line":7,"column":4},"end":{"line":7,"column":27}}]},"1":{"loc":{"start":{"line":10,"column":4},"end":{"line":33,"column":null}},"type":"if","locations":[{"start":{"line":10,"column":4},"end":{"line":33,"column":null}},{"start":{"line":23,"column":11},"end":{"line":33,"column":null}}]},"2":{"loc":{"start":{"line":13,"column":6},"end":{"line":13,"column":null}},"type":"if","locations":[{"start":{"line":13,"column":6},"end":{"line":13,"column":null}}]},"3":{"loc":{"start":{"line":13,"column":10},"end":{"line":13,"column":62}},"type":"binary-expr","locations":[{"start":{"line":13,"column":10},"end":{"line":13,"column":39}},{"start":{"line":13,"column":39},"end":{"line":13,"column":62}}]},"4":{"loc":{"start":{"line":14,"column":6},"end":{"line":14,"column":null}},"type":"if","locations":[{"start":{"line":14,"column":6},"end":{"line":14,"column":null}}]},"5":{"loc":{"start":{"line":14,"column":10},"end":{"line":14,"column":61}},"type":"binary-expr","locations":[{"start":{"line":14,"column":10},"end":{"line":14,"column":39}},{"start":{"line":14,"column":39},"end":{"line":14,"column":61}}]},"6":{"loc":{"start":{"line":17,"column":22},"end":{"line":17,"column":null}},"type":"binary-expr","locations":[{"start":{"line":17,"column":22},"end":{"line":17,"column":31}},{"start":{"line":17,"column":59},"end":{"line":17,"column":null}}]},"7":{"loc":{"start":{"line":18,"column":6},"end":{"line":22,"column":null}},"type":"if","locations":[{"start":{"line":18,"column":6},"end":{"line":22,"column":null}},{"start":{"line":20,"column":13},"end":{"line":22,"column":null}}]},"8":{"loc":{"start":{"line":23,"column":11},"end":{"line":33,"column":null}},"type":"if","locations":[{"start":{"line":23,"column":11},"end":{"line":33,"column":null}}]},"9":{"loc":{"start":{"line":24,"column":6},"end":{"line":24,"column":null}},"type":"if","locations":[{"start":{"line":24,"column":6},"end":{"line":24,"column":null}}]},"10":{"loc":{"start":{"line":25,"column":6},"end":{"line":25,"column":null}},"type":"if","locations":[{"start":{"line":25,"column":6},"end":{"line":25,"column":null}}]},"11":{"loc":{"start":{"line":26,"column":6},"end":{"line":26,"column":null}},"type":"if","locations":[{"start":{"line":26,"column":6},"end":{"line":26,"column":null}}]},"12":{"loc":{"start":{"line":30,"column":6},"end":{"line":32,"column":null}},"type":"if","locations":[{"start":{"line":30,"column":6},"end":{"line":32,"column":null}}]},"13":{"loc":{"start":{"line":41,"column":28},"end":{"line":41,"column":27}},"type":"cond-expr","locations":[{"start":{"line":41,"column":28},"end":{"line":41,"column":null}},{"start":{"line":41,"column":22},"end":{"line":41,"column":28}}]},"14":{"loc":{"start":{"line":41,"column":28},"end":{"line":41,"column":null}},"type":"binary-expr","locations":[{"start":{"line":41,"column":28},"end":{"line":41,"column":null}},{"start":{"line":41,"column":28},"end":{"line":41,"column":null}}]},"15":{"loc":{"start":{"line":43,"column":4},"end":{"line":45,"column":null}},"type":"if","locations":[{"start":{"line":43,"column":4},"end":{"line":45,"column":null}}]},"16":{"loc":{"start":{"line":46,"column":4},"end":{"line":48,"column":null}},"type":"if","locations":[{"start":{"line":46,"column":4},"end":{"line":48,"column":null}}]},"17":{"loc":{"start":{"line":50,"column":4},"end":{"line":77,"column":null}},"type":"if","locations":[{"start":{"line":50,"column":4},"end":{"line":77,"column":null}},{"start":{"line":56,"column":11},"end":{"line":77,"column":null}}]},"18":{"loc":{"start":{"line":51,"column":6},"end":{"line":55,"column":null}},"type":"if","locations":[{"start":{"line":51,"column":6},"end":{"line":55,"column":null}},{"start":{"line":53,"column":13},"end":{"line":55,"column":null}}]},"19":{"loc":{"start":{"line":56,"column":11},"end":{"line":77,"column":null}},"type":"if","locations":[{"start":{"line":56,"column":11},"end":{"line":77,"column":null}},{"start":{"line":58,"column":11},"end":{"line":77,"column":null}}]},"20":{"loc":{"start":{"line":62,"column":6},"end":{"line":64,"column":null}},"type":"if","locations":[{"start":{"line":62,"column":6},"end":{"line":64,"column":null}}]},"21":{"loc":{"start":{"line":65,"column":6},"end":{"line":67,"column":null}},"type":"if","locations":[{"start":{"line":65,"column":6},"end":{"line":67,"column":null}}]},"22":{"loc":{"start":{"line":68,"column":6},"end":{"line":70,"column":null}},"type":"if","locations":[{"start":{"line":68,"column":6},"end":{"line":70,"column":null}}]},"23":{"loc":{"start":{"line":71,"column":6},"end":{"line":73,"column":null}},"type":"if","locations":[{"start":{"line":71,"column":6},"end":{"line":73,"column":null}}]},"24":{"loc":{"start":{"line":74,"column":6},"end":{"line":76,"column":null}},"type":"if","locations":[{"start":{"line":74,"column":6},"end":{"line":76,"column":null}}]},"25":{"loc":{"start":{"line":78,"column":4},"end":{"line":80,"column":null}},"type":"if","locations":[{"start":{"line":78,"column":4},"end":{"line":80,"column":null}}]},"26":{"loc":{"start":{"line":94,"column":4},"end":{"line":94,"column":25}},"type":"if","locations":[{"start":{"line":94,"column":4},"end":{"line":94,"column":25}}]},"27":{"loc":{"start":{"line":95,"column":4},"end":{"line":95,"column":29}},"type":"if","locations":[{"start":{"line":95,"column":4},"end":{"line":95,"column":29}}]},"28":{"loc":{"start":{"line":96,"column":4},"end":{"line":96,"column":null}},"type":"if","locations":[{"start":{"line":96,"column":4},"end":{"line":96,"column":null}}]},"29":{"loc":{"start":{"line":99,"column":4},"end":{"line":99,"column":null}},"type":"if","locations":[{"start":{"line":99,"column":4},"end":{"line":99,"column":null}}]},"30":{"loc":{"start":{"line":129,"column":4},"end":{"line":135,"column":null}},"type":"if","locations":[{"start":{"line":129,"column":4},"end":{"line":135,"column":null}},{"start":{"line":131,"column":11},"end":{"line":135,"column":null}}]},"31":{"loc":{"start":{"line":131,"column":11},"end":{"line":135,"column":null}},"type":"if","locations":[{"start":{"line":131,"column":11},"end":{"line":135,"column":null}},{"start":{"line":133,"column":11},"end":{"line":135,"column":null}}]},"32":{"loc":{"start":{"line":133,"column":11},"end":{"line":135,"column":null}},"type":"if","locations":[{"start":{"line":133,"column":11},"end":{"line":135,"column":null}}]}},"s":{"0":1,"1":0,"2":0,"3":0,"4":0,"5":0,"6":0,"7":0,"8":0,"9":0,"10":0,"11":0,"12":0,"13":0,"14":0,"15":0,"16":0,"17":0,"18":0,"19":0,"20":0,"21":0,"22":0,"23":0,"24":0,"25":0,"26":0,"27":0,"28":0,"29":0,"30":0,"31":0,"32":0,"33":0,"34":0,"35":0,"36":0,"37":0,"38":0,"39":0,"40":0,"41":0,"42":0,"43":0,"44":0,"45":0,"46":0,"47":0,"48":0,"49":0,"50":0,"51":0,"52":0,"53":0,"54":0,"55":0,"56":0,"57":0,"58":0,"59":0,"60":0,"61":0,"62":0,"63":0,"64":0,"65":0,"66":0,"67":0,"68":0,"69":0,"70":0,"71":0,"72":0,"73":0,"74":0,"75":0,"76":0,"77":0,"78":0,"79":0,"80":0,"81":0},"f":{"0":0,"1":0,"2":0,"3":0,"4":0,"5":0,"6":0,"7":0,"8":0,"9":0},"b":{"0":[0],"1":[0,0],"2":[0],"3":[0,0],"4":[0],"5":[0,0],"6":[0,0],"7":[0,0],"8":[0],"9":[0],"10":[0],"11":[0],"12":[0],"13":[0,0],"14":[0,0],"15":[0],"16":[0],"17":[0,0],"18":[0,0],"19":[0,0],"20":[0],"21":[0],"22":[0],"23":[0],"24":[0],"25":[0],"26":[0],"27":[0],"28":[0],"29":[0],"30":[0,0],"31":[0,0],"32":[0]}}
,"/Users/manuelreil/alyne.com/dev/json-rules-engine/src/debug.js": {"path":"/Users/manuelreil/alyne.com/dev/json-rules-engine/src/debug.js","statementMap":{"0":{"start":{"line":3,"column":2},"end":{"line":10,"column":null}},"1":{"start":{"line":4,"column":4},"end":{"line":7,"column":null}},"2":{"start":{"line":6,"column":6},"end":{"line":6,"column":13}},"3":{"start":{"line":11,"column":2},"end":{"line":11,"column":9}}},"fnMap":{"0":{"name":"createDebug","decl":{"start":{"line":2,"column":9},"end":{"line":2,"column":24}},"loc":{"start":{"line":2,"column":24},"end":{"line":12,"column":null}}},"1":{"name":"(anonymous_1)","decl":{"start":{"line":11,"column":9},"end":{"line":11,"column":15}},"loc":{"start":{"line":11,"column":15},"end":{"line":11,"column":null}}}},"branchMap":{"0":{"loc":{"start":{"line":4,"column":4},"end":{"line":7,"column":null}},"type":"if","locations":[{"start":{"line":4,"column":4},"end":{"line":7,"column":null}}]},"1":{"loc":{"start":{"line":4,"column":9},"end":{"line":5,"column":101}},"type":"binary-expr","locations":[{"start":{"line":4,"column":9},"end":{"line":4,"column":43}},{"start":{"line":4,"column":43},"end":{"line":4,"column":58}},{"start":{"line":4,"column":58},"end":{"line":4,"column":79}},{"start":{"line":4,"column":79},"end":{"line":4,"column":87}},{"start":{"line":5,"column":9},"end":{"line":5,"column":42}},{"start":{"line":5,"column":42},"end":{"line":5,"column":65}},{"start":{"line":5,"column":65},"end":{"line":5,"column":94}},{"start":{"line":5,"column":94},"end":{"line":5,"column":101}}]}},"s":{"0":1,"1":1,"2":0,"3":1},"f":{"0":1,"1":415},"b":{"0":[0],"1":[1,1,1,0,1,0,0,0]}}
,"/Users/manuelreil/alyne.com/dev/json-rules-engine/src/engine-default-operator-decorators.js": {"path":"/Users/manuelreil/alyne.com/dev/json-rules-engine/src/engine-default-operator-decorators.js","statementMap":{"0":{"start":{"line":3,"column":0},"end":{"line":3,"column":null}},"1":{"start":{"line":5,"column":27},"end":{"line":5,"column":null}},"2":{"start":{"line":7,"column":0},"end":{"line":7,"column":19}},"3":{"start":{"line":7,"column":58},"end":{"line":7,"column":59}},"4":{"start":{"line":7,"column":105},"end":{"line":7,"column":111}},"5":{"start":{"line":8,"column":0},"end":{"line":8,"column":19}},"6":{"start":{"line":8,"column":59},"end":{"line":8,"column":60}},"7":{"start":{"line":8,"column":106},"end":{"line":8,"column":112}},"8":{"start":{"line":9,"column":0},"end":{"line":9,"column":19}},"9":{"start":{"line":9,"column":59},"end":{"line":9,"column":60}},"10":{"start":{"line":9,"column":107},"end":{"line":9,"column":113}},"11":{"start":{"line":10,"column":0},"end":{"line":10,"column":19}},"12":{"start":{"line":10,"column":60},"end":{"line":10,"column":61}},"13":{"start":{"line":10,"column":108},"end":{"line":10,"column":114}},"14":{"start":{"line":11,"column":0},"end":{"line":11,"column":19}},"15":{"start":{"line":11,"column":54},"end":{"line":11,"column":55}},"16":{"start":{"line":12,"column":0},"end":{"line":12,"column":19}},"17":{"start":{"line":12,"column":53},"end":{"line":12,"column":54}}},"fnMap":{"0":{"name":"(anonymous_1)","decl":{"start":{"line":7,"column":58},"end":{"line":7,"column":59}},"loc":{"start":{"line":7,"column":58},"end":{"line":7,"column":59}}},"1":{"name":"(anonymous_2)","decl":{"start":{"line":7,"column":105},"end":{"line":7,"column":111}},"loc":{"start":{"line":7,"column":105},"end":{"line":7,"column":111}}},"2":{"name":"(anonymous_3)","decl":{"start":{"line":8,"column":59},"end":{"line":8,"column":60}},"loc":{"start":{"line":8,"column":59},"end":{"line":8,"column":60}}},"3":{"name":"(anonymous_4)","decl":{"start":{"line":8,"column":106},"end":{"line":8,"column":112}},"loc":{"start":{"line":8,"column":106},"end":{"line":8,"column":112}}},"4":{"name":"(anonymous_5)","decl":{"start":{"line":9,"column":59},"end":{"line":9,"column":60}},"loc":{"start":{"line":9,"column":59},"end":{"line":9,"column":60}}},"5":{"name":"(anonymous_6)","decl":{"start":{"line":9,"column":107},"end":{"line":9,"column":113}},"loc":{"start":{"line":9,"column":107},"end":{"line":9,"column":113}}},"6":{"name":"(anonymous_7)","decl":{"start":{"line":10,"column":60},"end":{"line":10,"column":61}},"loc":{"start":{"line":10,"column":60},"end":{"line":10,"column":61}}},"7":{"name":"(anonymous_8)","decl":{"start":{"line":10,"column":108},"end":{"line":10,"column":114}},"loc":{"start":{"line":10,"column":108},"end":{"line":10,"column":114}}},"8":{"name":"(anonymous_9)","decl":{"start":{"line":11,"column":54},"end":{"line":11,"column":55}},"loc":{"start":{"line":11,"column":54},"end":{"line":11,"column":55}}},"9":{"name":"(anonymous_10)","decl":{"start":{"line":12,"column":53},"end":{"line":12,"column":54}},"loc":{"start":{"line":12,"column":53},"end":{"line":12,"column":54}}}},"branchMap":{},"s":{"0":1,"1":1,"2":1,"3":0,"4":0,"5":1,"6":0,"7":0,"8":1,"9":0,"10":0,"11":1,"12":0,"13":0,"14":1,"15":0,"16":1,"17":0},"f":{"0":0,"1":0,"2":0,"3":0,"4":0,"5":0,"6":0,"7":0,"8":0,"9":0},"b":{}}
,"/Users/manuelreil/alyne.com/dev/json-rules-engine/src/engine-default-operators.js": {"path":"/Users/manuelreil/alyne.com/dev/json-rules-engine/src/engine-default-operators.js","statementMap":{"0":{"start":{"line":3,"column":0},"end":{"line":3,"column":null}},"1":{"start":{"line":5,"column":18},"end":{"line":5,"column":null}},"2":{"start":{"line":6,"column":0},"end":{"line":6,"column":10}},"3":{"start":{"line":6,"column":37},"end":{"line":6,"column":38}},"4":{"start":{"line":7,"column":0},"end":{"line":7,"column":10}},"5":{"start":{"line":7,"column":40},"end":{"line":7,"column":41}},"6":{"start":{"line":8,"column":0},"end":{"line":8,"column":10}},"7":{"start":{"line":8,"column":34},"end":{"line":8,"column":35}},"8":{"start":{"line":9,"column":0},"end":{"line":9,"column":10}},"9":{"start":{"line":9,"column":37},"end":{"line":9,"column":38}},"10":{"start":{"line":11,"column":0},"end":{"line":11,"column":10}},"11":{"start":{"line":11,"column":40},"end":{"line":11,"column":41}},"12":{"start":{"line":12,"column":0},"end":{"line":12,"column":10}},"13":{"start":{"line":12,"column":46},"end":{"line":12,"column":47}},"14":{"start":{"line":15,"column":2},"end":{"line":15,"column":9}},"15":{"start":{"line":17,"column":0},"end":{"line":17,"column":10}},"16":{"start":{"line":17,"column":40},"end":{"line":17,"column":41}},"17":{"start":{"line":18,"column":0},"end":{"line":18,"column":10}},"18":{"start":{"line":18,"column":49},"end":{"line":18,"column":50}},"19":{"start":{"line":19,"column":0},"end":{"line":19,"column":10}},"20":{"start":{"line":19,"column":43},"end":{"line":19,"column":44}},"21":{"start":{"line":20,"column":0},"end":{"line":20,"column":10}},"22":{"start":{"line":20,"column":52},"end":{"line":20,"column":53}}},"fnMap":{"0":{"name":"(anonymous_1)","decl":{"start":{"line":6,"column":37},"end":{"line":6,"column":38}},"loc":{"start":{"line":6,"column":37},"end":{"line":6,"column":38}}},"1":{"name":"(anonymous_2)","decl":{"start":{"line":7,"column":40},"end":{"line":7,"column":41}},"loc":{"start":{"line":7,"column":40},"end":{"line":7,"column":41}}},"2":{"name":"(anonymous_3)","decl":{"start":{"line":8,"column":34},"end":{"line":8,"column":35}},"loc":{"start":{"line":8,"column":34},"end":{"line":8,"column":35}}},"3":{"name":"(anonymous_4)","decl":{"start":{"line":9,"column":37},"end":{"line":9,"column":38}},"loc":{"start":{"line":9,"column":37},"end":{"line":9,"column":38}}},"4":{"name":"(anonymous_5)","decl":{"start":{"line":11,"column":40},"end":{"line":11,"column":41}},"loc":{"start":{"line":11,"column":40},"end":{"line":11,"column":41}}},"5":{"name":"(anonymous_6)","decl":{"start":{"line":12,"column":46},"end":{"line":12,"column":47}},"loc":{"start":{"line":12,"column":46},"end":{"line":12,"column":47}}},"6":{"name":"numberValidator","decl":{"start":{"line":14,"column":9},"end":{"line":14,"column":26}},"loc":{"start":{"line":14,"column":37},"end":{"line":16,"column":null}}},"7":{"name":"(anonymous_8)","decl":{"start":{"line":17,"column":40},"end":{"line":17,"column":41}},"loc":{"start":{"line":17,"column":40},"end":{"line":17,"column":41}}},"8":{"name":"(anonymous_9)","decl":{"start":{"line":18,"column":49},"end":{"line":18,"column":50}},"loc":{"start":{"line":18,"column":49},"end":{"line":18,"column":50}}},"9":{"name":"(anonymous_10)","decl":{"start":{"line":19,"column":43},"end":{"line":19,"column":44}},"loc":{"start":{"line":19,"column":43},"end":{"line":19,"column":44}}},"10":{"name":"(anonymous_11)","decl":{"start":{"line":20,"column":52},"end":{"line":20,"column":53}},"loc":{"start":{"line":20,"column":52},"end":{"line":20,"column":53}}}},"branchMap":{},"s":{"0":1,"1":1,"2":1,"3":16,"4":1,"5":0,"6":1,"7":0,"8":1,"9":0,"10":1,"11":0,"12":1,"13":0,"14":2,"15":1,"16":0,"17":1,"18":0,"19":1,"20":2,"21":1,"22":0},"f":{"0":16,"1":0,"2":0,"3":0,"4":0,"5":0,"6":2,"7":0,"8":0,"9":2,"10":0},"b":{}}
,"/Users/manuelreil/alyne.com/dev/json-rules-engine/src/engine.js": {"path":"/Users/manuelreil/alyne.com/dev/json-rules-engine/src/engine.js","statementMap":{"0":{"start":{"line":3,"column":0},"end":{"line":3,"column":null}},"1":{"start":{"line":4,"column":0},"end":{"line":4,"column":null}},"2":{"start":{"line":5,"column":0},"end":{"line":5,"column":null}},"3":{"start":{"line":6,"column":0},"end":{"line":6,"column":null}},"4":{"start":{"line":7,"column":0},"end":{"line":7,"column":null}},"5":{"start":{"line":8,"column":0},"end":{"line":8,"column":null}},"6":{"start":{"line":9,"column":0},"end":{"line":9,"column":null}},"7":{"start":{"line":10,"column":0},"end":{"line":10,"column":null}},"8":{"start":{"line":11,"column":0},"end":{"line":11,"column":null}},"9":{"start":{"line":13,"column":13},"end":{"line":13,"column":null}},"10":{"start":{"line":14,"column":13},"end":{"line":14,"column":null}},"11":{"start":{"line":15,"column":13},"end":{"line":15,"column":null}},"12":{"start":{"line":22,"column":41},"end":{"line":22,"column":27}},"13":{"start":{"line":22,"column":41},"end":{"line":22,"column":40}},"14":{"start":{"line":22,"column":41},"end":{"line":22,"column":null}},"15":{"start":{"line":24,"column":4},"end":{"line":24,"column":9}},"16":{"start":{"line":25,"column":4},"end":{"line":25,"column":9}},"17":{"start":{"line":26,"column":4},"end":{"line":26,"column":9}},"18":{"start":{"line":27,"column":4},"end":{"line":27,"column":9}},"19":{"start":{"line":28,"column":4},"end":{"line":28,"column":9}},"20":{"start":{"line":29,"column":4},"end":{"line":29,"column":9}},"21":{"start":{"line":30,"column":4},"end":{"line":30,"column":9}},"22":{"start":{"line":31,"column":4},"end":{"line":31,"column":9}},"23":{"start":{"line":32,"column":4},"end":{"line":32,"column":9}},"24":{"start":{"line":33,"column":4},"end":{"line":33,"column":10}},"25":{"start":{"line":33,"column":14},"end":{"line":33,"column":19}},"26":{"start":{"line":34,"column":4},"end":{"line":34,"column":21}},"27":{"start":{"line":34,"column":25},"end":{"line":34,"column":30}},"28":{"start":{"line":35,"column":4},"end":{"line":35,"column":22}},"29":{"start":{"line":35,"column":26},"end":{"line":35,"column":31}},"30":{"start":{"line":48,"column":4},"end":{"line":48,"column":27}},"31":{"start":{"line":48,"column":21},"end":{"line":48,"column":27}},"32":{"start":{"line":50,"column":8},"end":{"line":50,"column":null}},"33":{"start":{"line":51,"column":4},"end":{"line":57,"column":null}},"34":{"start":{"line":52,"column":6},"end":{"line":52,"column":13}},"35":{"start":{"line":54,"column":6},"end":{"line":54,"column":76}},"36":{"start":{"line":54,"column":70},"end":{"line":54,"column":76}},"37":{"start":{"line":55,"column":6},"end":{"line":55,"column":81}},"38":{"start":{"line":55,"column":75},"end":{"line":55,"column":81}},"39":{"start":{"line":56,"column":6},"end":{"line":56,"column":13}},"40":{"start":{"line":58,"column":4},"end":{"line":58,"column":9}},"41":{"start":{"line":59,"column":4},"end":{"line":59,"column":9}},"42":{"start":{"line":60,"column":4},"end":{"line":60,"column":9}},"43":{"start":{"line":61,"column":4},"end":{"line":61,"column":11}},"44":{"start":{"line":69,"column":22},"end":{"line":69,"column":27}},"45":{"start":{"line":69,"column":43},"end":{"line":69,"column":59}},"46":{"start":{"line":70,"column":4},"end":{"line":76,"column":null}},"47":{"start":{"line":71,"column":6},"end":{"line":71,"column":11}},"48":{"start":{"line":72,"column":6},"end":{"line":72,"column":11}},"49":{"start":{"line":73,"column":6},"end":{"line":73,"column":11}},"50":{"start":{"line":75,"column":6},"end":{"line":75,"column":12}},"51":{"start":{"line":84,"column":22},"end":{"line":84,"column":null}},"52":{"start":{"line":85,"column":4},"end":{"line":94,"column":null}},"53":{"start":{"line":86,"column":28},"end":{"line":86,"column":33}},"54":{"start":{"line":86,"column":46},"end":{"line":86,"column":62}},"55":{"start":{"line":87,"column":6},"end":{"line":87,"column":20}},"56":{"start":{"line":88,"column":6},"end":{"line":88,"column":11}},"57":{"start":{"line":90,"column":20},"end":{"line":90,"column":25}},"58":{"start":{"line":91,"column":6},"end":{"line":93,"column":null}},"59":{"start":{"line":92,"column":8},"end":{"line":92,"column":22}},"60":{"start":{"line":95,"column":4},"end":{"line":97,"column":null}},"61":{"start":{"line":96,"column":6},"end":{"line":96,"column":11}},"62":{"start":{"line":98,"column":4},"end":{"line":98,"column":11}},"63":{"start":{"line":108,"column":4},"end":{"line":108,"column":21}},"64":{"start":{"line":108,"column":15},"end":{"line":108,"column":21}},"65":{"start":{"line":109,"column":4},"end":{"line":109,"column":27}},"66":{"start":{"line":109,"column":21},"end":{"line":109,"column":27}},"67":{"start":{"line":110,"column":4},"end":{"line":112,"column":null}},"68":{"start":{"line":111,"column":6},"end":{"line":111,"column":12}},"69":{"start":{"line":113,"column":4},"end":{"line":113,"column":9}},"70":{"start":{"line":114,"column":4},"end":{"line":114,"column":11}},"71":{"start":{"line":123,"column":4},"end":{"line":123,"column":11}},"72":{"start":{"line":132,"column":4},"end":{"line":132,"column":9}},"73":{"start":{"line":140,"column":4},"end":{"line":140,"column":11}},"74":{"start":{"line":149,"column":4},"end":{"line":149,"column":9}},"75":{"start":{"line":157,"column":4},"end":{"line":157,"column":11}},"76":{"start":{"line":167,"column":17},"end":{"line":167,"column":null}},"77":{"start":{"line":168,"column":8},"end":{"line":168,"column":null}},"78":{"start":{"line":169,"column":4},"end":{"line":174,"column":null}},"79":{"start":{"line":170,"column":6},"end":{"line":170,"column":15}},"80":{"start":{"line":171,"column":6},"end":{"line":171,"column":13}},"81":{"start":{"line":173,"column":6},"end":{"line":173,"column":13}},"82":{"start":{"line":175,"column":4},"end":{"line":175,"column":10}},"83":{"start":{"line":176,"column":4},"end":{"line":176,"column":9}},"84":{"start":{"line":177,"column":4},"end":{"line":177,"column":11}},"85":{"start":{"line":185,"column":8},"end":{"line":185,"column":null}},"86":{"start":{"line":186,"column":4},"end":{"line":190,"column":null}},"87":{"start":{"line":187,"column":6},"end":{"line":187,"column":15}},"88":{"start":{"line":189,"column":6},"end":{"line":189,"column":15}},"89":{"start":{"line":192,"column":4},"end":{"line":192,"column":11}},"90":{"start":{"line":202,"column":4},"end":{"line":212,"column":null}},"91":{"start":{"line":203,"column":23},"end":{"line":203,"column":28}},"92":{"start":{"line":204,"column":25},"end":{"line":204,"column":null}},"93":{"start":{"line":205,"column":8},"end":{"line":205,"column":34}},"94":{"start":{"line":205,"column":29},"end":{"line":205,"column":34}},"95":{"start":{"line":206,"column":8},"end":{"line":206,"column":13}},"96":{"start":{"line":207,"column":8},"end":{"line":207,"column":15}},"97":{"start":{"line":209,"column":6},"end":{"line":209,"column":11}},"98":{"start":{"line":210,"column":8},"end":{"line":210,"column":15}},"99":{"start":{"line":211,"column":13},"end":{"line":211,"column":14}},"100":{"start":{"line":213,"column":4},"end":{"line":213,"column":11}},"101":{"start":{"line":223,"column":4},"end":{"line":223,"column":9}},"102":{"start":{"line":224,"column":4},"end":{"line":224,"column":11}},"103":{"start":{"line":233,"column":4},"end":{"line":233,"column":11}},"104":{"start":{"line":241,"column":37},"end":{"line":241,"column":null}},"105":{"start":{"line":242,"column":4},"end":{"line":242,"column":11}},"106":{"start":{"line":243,"column":6},"end":{"line":246,"column":null}},"107":{"start":{"line":244,"column":8},"end":{"line":244,"column":14}},"108":{"start":{"line":245,"column":8},"end":{"line":245,"column":15}},"109":{"start":{"line":247,"column":6},"end":{"line":247,"column":13}},"110":{"start":{"line":248,"column":8},"end":{"line":248,"column":14}},"111":{"start":{"line":249,"column":8},"end":{"line":249,"column":16}},"112":{"start":{"line":250,"column":8},"end":{"line":257,"column":null}},"113":{"start":{"line":251,"column":10},"end":{"line":251,"column":18}},"114":{"start":{"line":252,"column":10},"end":{"line":252,"column":17}},"115":{"start":{"line":253,"column":18},"end":{"line":253,"column":24}},"116":{"start":{"line":255,"column":10},"end":{"line":255,"column":18}},"117":{"start":{"line":256,"column":10},"end":{"line":256,"column":17}},"118":{"start":{"line":268,"column":43},"end":{"line":268,"column":null}},"119":{"start":{"line":268,"column":43},"end":{"line":268,"column":26}},"120":{"start":{"line":268,"column":43},"end":{"line":268,"column":42}},"121":{"start":{"line":269,"column":4},"end":{"line":269,"column":10}},"122":{"start":{"line":270,"column":4},"end":{"line":270,"column":9}},"123":{"start":{"line":272,"column":20},"end":{"line":272,"column":46}},"124":{"start":{"line":277,"column":4},"end":{"line":277,"column":9}},"125":{"start":{"line":278,"column":6},"end":{"line":278,"column":14}},"126":{"start":{"line":280,"column":4},"end":{"line":290,"column":null}},"127":{"start":{"line":281,"column":10},"end":{"line":281,"column":null}},"128":{"start":{"line":282,"column":6},"end":{"line":286,"column":null}},"129":{"start":{"line":283,"column":8},"end":{"line":283,"column":15}},"130":{"start":{"line":285,"column":8},"end":{"line":285,"column":15}},"131":{"start":{"line":288,"column":6},"end":{"line":288,"column":14}},"132":{"start":{"line":289,"column":6},"end":{"line":289,"column":12}},"133":{"start":{"line":291,"column":24},"end":{"line":291,"column":29}},"134":{"start":{"line":292,"column":17},"end":{"line":292,"column":25}},"135":{"start":{"line":295,"column":4},"end":{"line":295,"column":11}},"136":{"start":{"line":296,"column":6},"end":{"line":296,"column":18}},"137":{"start":{"line":297,"column":8},"end":{"line":297,"column":17}},"138":{"start":{"line":298,"column":10},"end":{"line":298,"column":17}},"139":{"start":{"line":300,"column":8},"end":{"line":300,"column":15}},"140":{"start":{"line":302,"column":6},"end":{"line":302,"column":13}},"141":{"start":{"line":303,"column":8},"end":{"line":303,"column":13}},"142":{"start":{"line":304,"column":8},"end":{"line":304,"column":14}},"143":{"start":{"line":305,"column":28},"end":{"line":305,"column":36}},"144":{"start":{"line":306,"column":44},"end":{"line":306,"column":56}},"145":{"start":{"line":307,"column":24},"end":{"line":307,"column":null}},"146":{"start":{"line":308,"column":10},"end":{"line":308,"column":15}},"147":{"start":{"line":309,"column":10},"end":{"line":309,"column":17}},"148":{"start":{"line":302,"column":24},"end":{"line":306,"column":25}},"149":{"start":{"line":302,"column":24},"end":{"line":306,"column":44}},"150":{"start":{"line":312,"column":8},"end":{"line":312,"column":16}}},"fnMap":{"0":{"name":"Engine","decl":{"start":{"line":22,"column":2},"end":{"line":22,"column":15}},"loc":{"start":{"line":22,"column":41},"end":{"line":36,"column":null}}},"1":{"name":"(anonymous_11)","decl":{"start":{"line":33,"column":14},"end":{"line":33,"column":19}},"loc":{"start":{"line":33,"column":14},"end":{"line":33,"column":19}}},"2":{"name":"(anonymous_12)","decl":{"start":{"line":34,"column":25},"end":{"line":34,"column":30}},"loc":{"start":{"line":34,"column":25},"end":{"line":34,"column":30}}},"3":{"name":"(anonymous_13)","decl":{"start":{"line":35,"column":26},"end":{"line":35,"column":31}},"loc":{"start":{"line":35,"column":26},"end":{"line":35,"column":31}}},"4":{"name":"addRule","decl":{"start":{"line":47,"column":11},"end":{"line":47,"column":23}},"loc":{"start":{"line":47,"column":23},"end":{"line":62,"column":null}}},"5":{"name":"updateRule","decl":{"start":{"line":68,"column":14},"end":{"line":68,"column":20}},"loc":{"start":{"line":68,"column":20},"end":{"line":77,"column":null}}},"6":{"name":"(anonymous_16)","decl":{"start":{"line":69,"column":43},"end":{"line":69,"column":59}},"loc":{"start":{"line":69,"column":43},"end":{"line":69,"column":59}}},"7":{"name":"removeRule","decl":{"start":{"line":83,"column":14},"end":{"line":83,"column":20}},"loc":{"start":{"line":83,"column":20},"end":{"line":99,"column":null}}},"8":{"name":"(anonymous_18)","decl":{"start":{"line":86,"column":46},"end":{"line":86,"column":62}},"loc":{"start":{"line":86,"column":46},"end":{"line":86,"column":62}}},"9":{"name":"setCondition","decl":{"start":{"line":107,"column":16},"end":{"line":107,"column":22}},"loc":{"start":{"line":107,"column":34},"end":{"line":115,"column":null}}},"10":{"name":"removeCondition","decl":{"start":{"line":122,"column":19},"end":{"line":122,"column":25}},"loc":{"start":{"line":122,"column":25},"end":{"line":124,"column":null}}},"11":{"name":"addOperator","decl":{"start":{"line":131,"column":15},"end":{"line":131,"column":31}},"loc":{"start":{"line":131,"column":35},"end":{"line":133,"column":null}}},"12":{"name":"removeOperator","decl":{"start":{"line":139,"column":18},"end":{"line":139,"column":34}},"loc":{"start":{"line":139,"column":34},"end":{"line":141,"column":null}}},"13":{"name":"addOperatorDecorator","decl":{"start":{"line":148,"column":24},"end":{"line":148,"column":41}},"loc":{"start":{"line":148,"column":45},"end":{"line":150,"column":null}}},"14":{"name":"removeOperatorDecorator","decl":{"start":{"line":156,"column":27},"end":{"line":156,"column":44}},"loc":{"start":{"line":156,"column":44},"end":{"line":158,"column":null}}},"15":{"name":"addFact","decl":{"start":{"line":166,"column":11},"end":{"line":166,"column":15}},"loc":{"start":{"line":166,"column":39},"end":{"line":178,"column":null}}},"16":{"name":"removeFact","decl":{"start":{"line":184,"column":14},"end":{"line":184,"column":24}},"loc":{"start":{"line":184,"column":24},"end":{"line":193,"column":null}}},"17":{"name":"prioritizeRules","decl":{"start":{"line":201,"column":21},"end":{"line":201,"column":null}},"loc":{"start":{"line":201,"column":21},"end":{"line":214,"column":null}}},"18":{"name":"(anonymous_28)","decl":{"start":{"line":203,"column":41},"end":{"line":203,"column":42}},"loc":{"start":{"line":203,"column":57},"end":{"line":208,"column":9}}},"19":{"name":"(anonymous_29)","decl":{"start":{"line":209,"column":57},"end":{"line":209,"column":58}},"loc":{"start":{"line":209,"column":67},"end":{"line":211,"column":9}}},"20":{"name":"(anonymous_30)","decl":{"start":{"line":211,"column":13},"end":{"line":211,"column":14}},"loc":{"start":{"line":211,"column":13},"end":{"line":211,"column":14}}},"21":{"name":"stop","decl":{"start":{"line":222,"column":10},"end":{"line":222,"column":null}},"loc":{"start":{"line":222,"column":10},"end":{"line":225,"column":null}}},"22":{"name":"getFact","decl":{"start":{"line":232,"column":11},"end":{"line":232,"column":19}},"loc":{"start":{"line":232,"column":19},"end":{"line":234,"column":null}}},"23":{"name":"evaluateRules","decl":{"start":{"line":241,"column":17},"end":{"line":241,"column":28}},"loc":{"start":{"line":241,"column":37},"end":{"line":260,"column":null}}},"24":{"name":"(anonymous_34)","decl":{"start":{"line":242,"column":37},"end":{"line":242,"column":38}},"loc":{"start":{"line":242,"column":47},"end":{"line":259,"column":null}}},"25":{"name":"(anonymous_35)","decl":{"start":{"line":247,"column":41},"end":{"line":247,"column":42}},"loc":{"start":{"line":247,"column":57},"end":{"line":258,"column":null}}},"26":{"name":"(anonymous_36)","decl":{"start":{"line":253,"column":18},"end":{"line":253,"column":24}},"loc":{"start":{"line":253,"column":18},"end":{"line":253,"column":24}}},"27":{"name":"run","decl":{"start":{"line":268,"column":43},"end":{"line":268,"column":null}},"loc":{"start":{"line":268,"column":43},"end":{"line":321,"column":null}}},"28":{"name":"(anonymous_38)","decl":{"start":{"line":277,"column":23},"end":{"line":277,"column":31}},"loc":{"start":{"line":277,"column":31},"end":{"line":279,"column":null}}},"29":{"name":"(anonymous_39)","decl":{"start":{"line":295,"column":23},"end":{"line":295,"column":24}},"loc":{"start":{"line":295,"column":44},"end":{"line":320,"column":null}}},"30":{"name":"(anonymous_40)","decl":{"start":{"line":296,"column":22},"end":{"line":296,"column":23}},"loc":{"start":{"line":296,"column":31},"end":{"line":301,"column":null}}},"31":{"name":"(anonymous_41)","decl":{"start":{"line":297,"column":29},"end":{"line":297,"column":35}},"loc":{"start":{"line":297,"column":35},"end":{"line":299,"column":11}}},"32":{"name":"(anonymous_42)","decl":{"start":{"line":302,"column":18},"end":{"line":302,"column":24}},"loc":{"start":{"line":302,"column":24},"end":{"line":319,"column":9}}},"33":{"name":"(anonymous_43)","decl":{"start":{"line":306,"column":63},"end":{"line":306,"column":64}},"loc":{"start":{"line":306,"column":85},"end":{"line":310,"column":11}}}},"branchMap":{"0":{"loc":{"start":{"line":22,"column":41},"end":{"line":22,"column":27}},"type":"cond-expr","locations":[{"start":{"line":22,"column":41},"end":{"line":22,"column":null}},{"start":{"line":22,"column":23},"end":{"line":22,"column":27}}]},"1":{"loc":{"start":{"line":22,"column":41},"end":{"line":22,"column":null}},"type":"binary-expr","locations":[{"start":{"line":22,"column":41},"end":{"line":22,"column":null}},{"start":{"line":22,"column":41},"end":{"line":22,"column":null}}]},"2":{"loc":{"start":{"line":22,"column":41},"end":{"line":22,"column":40}},"type":"cond-expr","locations":[{"start":{"line":22,"column":41},"end":{"line":22,"column":null}},{"start":{"line":22,"column":37},"end":{"line":22,"column":41}}]},"3":{"loc":{"start":{"line":25,"column":31},"end":{"line":25,"column":null}},"type":"binary-expr","locations":[{"start":{"line":25,"column":31},"end":{"line":25,"column":62}},{"start":{"line":25,"column":62},"end":{"line":25,"column":null}}]},"4":{"loc":{"start":{"line":26,"column":36},"end":{"line":26,"column":null}},"type":"binary-expr","locations":[{"start":{"line":26,"column":36},"end":{"line":26,"column":72}},{"start":{"line":26,"column":72},"end":{"line":26,"column":null}}]},"5":{"loc":{"start":{"line":27,"column":37},"end":{"line":27,"column":null}},"type":"binary-expr","locations":[{"start":{"line":27,"column":37},"end":{"line":27,"column":74}},{"start":{"line":27,"column":74},"end":{"line":27,"column":null}}]},"6":{"loc":{"start":{"line":48,"column":4},"end":{"line":48,"column":27}},"type":"if","locations":[{"start":{"line":48,"column":4},"end":{"line":48,"column":27}}]},"7":{"loc":{"start":{"line":51,"column":4},"end":{"line":57,"column":null}},"type":"if","locations":[{"start":{"line":51,"column":4},"end":{"line":57,"column":null}},{"start":{"line":53,"column":11},"end":{"line":57,"column":null}}]},"8":{"loc":{"start":{"line":54,"column":6},"end":{"line":54,"column":76}},"type":"if","locations":[{"start":{"line":54,"column":6},"end":{"line":54,"column":76}}]},"9":{"loc":{"start":{"line":55,"column":6},"end":{"line":55,"column":81}},"type":"if","locations":[{"start":{"line":55,"column":6},"end":{"line":55,"column":81}}]},"10":{"loc":{"start":{"line":70,"column":4},"end":{"line":76,"column":null}},"type":"if","locations":[{"start":{"line":70,"column":4},"end":{"line":76,"column":null}},{"start":{"line":74,"column":11},"end":{"line":76,"column":null}}]},"11":{"loc":{"start":{"line":85,"column":4},"end":{"line":94,"column":null}},"type":"if","locations":[{"start":{"line":85,"column":4},"end":{"line":94,"column":null}},{"start":{"line":89,"column":11},"end":{"line":94,"column":null}}]},"12":{"loc":{"start":{"line":91,"column":6},"end":{"line":93,"column":null}},"type":"if","locations":[{"start":{"line":91,"column":6},"end":{"line":93,"column":null}}]},"13":{"loc":{"start":{"line":95,"column":4},"end":{"line":97,"column":null}},"type":"if","locations":[{"start":{"line":95,"column":4},"end":{"line":97,"column":null}}]},"14":{"loc":{"start":{"line":108,"column":4},"end":{"line":108,"column":21}},"type":"if","locations":[{"start":{"line":108,"column":4},"end":{"line":108,"column":21}}]},"15":{"loc":{"start":{"line":109,"column":4},"end":{"line":109,"column":27}},"type":"if","locations":[{"start":{"line":109,"column":4},"end":{"line":109,"column":27}}]},"16":{"loc":{"start":{"line":110,"column":4},"end":{"line":112,"column":null}},"type":"if","locations":[{"start":{"line":110,"column":4},"end":{"line":112,"column":null}}]},"17":{"loc":{"start":{"line":110,"column":8},"end":{"line":110,"column":196}},"type":"binary-expr","locations":[{"start":{"line":110,"column":8},"end":{"line":110,"column":16}},{"start":{"line":110,"column":68},"end":{"line":110,"column":76}},{"start":{"line":110,"column":128},"end":{"line":110,"column":136}},{"start":{"line":110,"column":188},"end":{"line":110,"column":196}}]},"18":{"loc":{"start":{"line":169,"column":4},"end":{"line":174,"column":null}},"type":"if","locations":[{"start":{"line":169,"column":4},"end":{"line":174,"column":null}},{"start":{"line":172,"column":11},"end":{"line":174,"column":null}}]},"19":{"loc":{"start":{"line":186,"column":4},"end":{"line":190,"column":null}},"type":"if","locations":[{"start":{"line":186,"column":4},"end":{"line":190,"column":null}},{"start":{"line":188,"column":11},"end":{"line":190,"column":null}}]},"20":{"loc":{"start":{"line":202,"column":4},"end":{"line":212,"column":null}},"type":"if","locations":[{"start":{"line":202,"column":4},"end":{"line":212,"column":null}}]},"21":{"loc":{"start":{"line":205,"column":8},"end":{"line":205,"column":34}},"type":"if","locations":[{"start":{"line":205,"column":8},"end":{"line":205,"column":34}}]},"22":{"loc":{"start":{"line":210,"column":15},"end":{"line":210,"column":46}},"type":"cond-expr","locations":[{"start":{"line":210,"column":39},"end":{"line":210,"column":44}},{"start":{"line":210,"column":44},"end":{"line":210,"column":46}}]},"23":{"loc":{"start":{"line":243,"column":6},"end":{"line":246,"column":null}},"type":"if","locations":[{"start":{"line":243,"column":6},"end":{"line":246,"column":null}}]},"24":{"loc":{"start":{"line":250,"column":8},"end":{"line":257,"column":null}},"type":"if","locations":[{"start":{"line":250,"column":8},"end":{"line":257,"column":null}},{"start":{"line":254,"column":15},"end":{"line":257,"column":null}}]},"25":{"loc":{"start":{"line":268,"column":43},"end":{"line":268,"column":26}},"type":"cond-expr","locations":[{"start":{"line":268,"column":43},"end":{"line":268,"column":null}},{"start":{"line":268,"column":22},"end":{"line":268,"column":26}}]},"26":{"loc":{"start":{"line":268,"column":43},"end":{"line":268,"column":null}},"type":"binary-expr","locations":[{"start":{"line":268,"column":43},"end":{"line":268,"column":null}},{"start":{"line":268,"column":43},"end":{"line":268,"column":null}}]},"27":{"loc":{"start":{"line":268,"column":43},"end":{"line":268,"column":42}},"type":"cond-expr","locations":[{"start":{"line":268,"column":43},"end":{"line":268,"column":null}},{"start":{"line":268,"column":39},"end":{"line":268,"column":43}}]},"28":{"loc":{"start":{"line":272,"column":20},"end":{"line":272,"column":46}},"type":"binary-expr","locations":[{"start":{"line":272,"column":20},"end":{"line":272,"column":42}},{"start":{"line":272,"column":42},"end":{"line":272,"column":46}}]},"29":{"loc":{"start":{"line":282,"column":6},"end":{"line":286,"column":null}},"type":"if","locations":[{"start":{"line":282,"column":6},"end":{"line":286,"column":null}},{"start":{"line":284,"column":13},"end":{"line":286,"column":null}}]},"30":{"loc":{"start":{"line":307,"column":24},"end":{"line":307,"column":null}},"type":"cond-expr","locations":[{"start":{"line":307,"column":44},"end":{"line":307,"column":56}},{"start":{"line":307,"column":56},"end":{"line":307,"column":null}}]}},"s":{"0":1,"1":1,"2":1,"3":1,"4":1,"5":1,"6":1,"7":1,"8":1,"9":1,"10":1,"11":1,"12":0,"13":0,"14":0,"15":0,"16":0,"17":0,"18":0,"19":0,"20":0,"21":0,"22":0,"23":0,"24":0,"25":0,"26":0,"27":0,"28":0,"29":0,"30":0,"31":0,"32":0,"33":0,"34":0,"35":0,"36":0,"37":0,"38":0,"39":0,"40":0,"41":0,"42":0,"43":0,"44":0,"45":0,"46":0,"47":0,"48":0,"49":0,"50":0,"51":0,"52":0,"53":0,"54":0,"55":0,"56":0,"57":0,"58":0,"59":0,"60":0,"61":0,"62":0,"63":0,"64":0,"65":0,"66":0,"67":0,"68":0,"69":0,"70":0,"71":0,"72":0,"73":0,"74":0,"75":0,"76":0,"77":0,"78":0,"79":0,"80":0,"81":0,"82":0,"83":0,"84":0,"85":0,"86":0,"87":0,"88":0,"89":0,"90":0,"91":0,"92":0,"93":0,"94":0,"95":0,"96":0,"97":0,"98":0,"99":0,"100":0,"101":0,"102":0,"103":0,"104":0,"105":0,"106":0,"107":0,"108":0,"109":0,"110":0,"111":0,"112":0,"113":0,"114":0,"115":0,"116":0,"117":0,"118":0,"119":0,"120":0,"121":0,"122":0,"123":0,"124":0,"125":0,"126":0,"127":0,"128":0,"129":0,"130":0,"131":0,"132":0,"133":0,"134":0,"135":0,"136":0,"137":0,"138":0,"139":0,"140":0,"141":0,"142":0,"143":0,"144":0,"145":0,"146":0,"147":0,"148":0,"149":0,"150":0},"f":{"0":0,"1":0,"2":0,"3":0,"4":0,"5":0,"6":0,"7":0,"8":0,"9":0,"10":0,"11":0,"12":0,"13":0,"14":0,"15":0,"16":0,"17":0,"18":0,"19":0,"20":0,"21":0,"22":0,"23":0,"24":0,"25":0,"26":0,"27":0,"28":0,"29":0,"30":0,"31":0,"32":0,"33":0},"b":{"0":[0,0],"1":[0,0],"2":[0,0],"3":[0,0],"4":[0,0],"5":[0,0],"6":[0],"7":[0,0],"8":[0],"9":[0],"10":[0,0],"11":[0,0],"12":[0],"13":[0],"14":[0],"15":[0],"16":[0],"17":[0,0,0,0],"18":[0,0],"19":[0,0],"20":[0],"21":[0],"22":[0,0],"23":[0],"24":[0,0],"25":[0,0],"26":[0,0],"27":[0,0],"28":[0,0],"29":[0,0],"30":[0,0]}}
,"/Users/manuelreil/alyne.com/dev/json-rules-engine/src/errors.js": {"path":"/Users/manuelreil/alyne.com/dev/json-rules-engine/src/errors.js","statementMap":{"0":{"start":{"line":4,"column":25},"end":{"line":4,"column":null}},"1":{"start":{"line":4,"column":18},"end":{"line":4,"column":null}},"2":{"start":{"line":6,"column":4},"end":{"line":6,"column":9}}},"fnMap":{"0":{"name":"UndefinedFactError","decl":{"start":{"line":4,"column":2},"end":{"line":4,"column":18}},"loc":{"start":{"line":4,"column":25},"end":{"line":7,"column":null}}}},"branchMap":{"0":{"loc":{"start":{"line":4,"column":25},"end":{"line":4,"column":null}},"type":"binary-expr","locations":[{"start":{"line":4,"column":25},"end":{"line":4,"column":null}},{"start":{"line":4,"column":25},"end":{"line":4,"column":null}}]}},"s":{"0":0,"1":0,"2":0},"f":{"0":0},"b":{"0":[0,0]}}
,"/Users/manuelreil/alyne.com/dev/json-rules-engine/src/fact.js": {"path":"/Users/manuelreil/alyne.com/dev/json-rules-engine/src/fact.js","statementMap":{"0":{"start":{"line":3,"column":0},"end":{"line":3,"column":null}},"1":{"start":{"line":14,"column":43},"end":{"line":14,"column":null}},"2":{"start":{"line":15,"column":4},"end":{"line":15,"column":9}},"3":{"start":{"line":16,"column":27},"end":{"line":16,"column":29}},"4":{"start":{"line":17,"column":4},"end":{"line":19,"column":null}},"5":{"start":{"line":18,"column":6},"end":{"line":18,"column":16}},"6":{"start":{"line":20,"column":4},"end":{"line":26,"column":null}},"7":{"start":{"line":21,"column":6},"end":{"line":21,"column":11}},"8":{"start":{"line":22,"column":6},"end":{"line":22,"column":11}},"9":{"start":{"line":24,"column":6},"end":{"line":24,"column":11}},"10":{"start":{"line":25,"column":6},"end":{"line":25,"column":11}},"11":{"start":{"line":28,"column":4},"end":{"line":28,"column":24}},"12":{"start":{"line":28,"column":18},"end":{"line":28,"column":24}},"13":{"start":{"line":30,"column":4},"end":{"line":30,"column":9}},"14":{"start":{"line":31,"column":4},"end":{"line":31,"column":9}},"15":{"start":{"line":32,"column":4},"end":{"line":32,"column":9}},"16":{"start":{"line":33,"column":4},"end":{"line":33,"column":11}},"17":{"start":{"line":37,"column":4},"end":{"line":37,"column":11}},"18":{"start":{"line":41,"column":4},"end":{"line":41,"column":11}},"19":{"start":{"line":52,"column":4},"end":{"line":54,"column":null}},"20":{"start":{"line":53,"column":6},"end":{"line":53,"column":13}},"21":{"start":{"line":55,"column":4},"end":{"line":55,"column":11}},"22":{"start":{"line":76,"column":4},"end":{"line":76,"column":11}},"23":{"start":{"line":86,"column":4},"end":{"line":90,"column":null}},"24":{"start":{"line":87,"column":30},"end":{"line":87,"column":35}},"25":{"start":{"line":88,"column":19},"end":{"line":88,"column":24}},"26":{"start":{"line":89,"column":6},"end":{"line":89,"column":13}},"27":{"start":{"line":64,"column":4},"end":{"line":64,"column":11}},"28":{"start":{"line":94,"column":0},"end":{"line":94,"column":5}},"29":{"start":{"line":95,"column":0},"end":{"line":95,"column":5}}},"fnMap":{"0":{"name":"Fact","decl":{"start":{"line":14,"column":2},"end":{"line":14,"column":15}},"loc":{"start":{"line":14,"column":43},"end":{"line":34,"column":null}}},"1":{"name":"isConstant","decl":{"start":{"line":36,"column":16},"end":{"line":36,"column":null}},"loc":{"start":{"line":36,"column":16},"end":{"line":38,"column":null}}},"2":{"name":"isDynamic","decl":{"start":{"line":40,"column":15},"end":{"line":40,"column":null}},"loc":{"start":{"line":40,"column":15},"end":{"line":42,"column":null}}},"3":{"name":"calculate","decl":{"start":{"line":50,"column":13},"end":{"line":50,"column":21}},"loc":{"start":{"line":50,"column":30},"end":{"line":56,"column":null}}},"4":{"name":"defaultCacheKeys","decl":{"start":{"line":75,"column":20},"end":{"line":75,"column":24}},"loc":{"start":{"line":75,"column":32},"end":{"line":77,"column":null}}},"5":{"name":"getCacheKey","decl":{"start":{"line":85,"column":15},"end":{"line":85,"column":23}},"loc":{"start":{"line":85,"column":23},"end":{"line":91,"column":null}}},"6":{"name":"hashFromObject","decl":{"start":{"line":63,"column":25},"end":{"line":63,"column":30}},"loc":{"start":{"line":63,"column":30},"end":{"line":65,"column":null}}}},"branchMap":{"0":{"loc":{"start":{"line":17,"column":4},"end":{"line":19,"column":null}},"type":"if","locations":[{"start":{"line":17,"column":4},"end":{"line":19,"column":null}}]},"1":{"loc":{"start":{"line":20,"column":4},"end":{"line":26,"column":null}},"type":"if","locations":[{"start":{"line":20,"column":4},"end":{"line":26,"column":null}},{"start":{"line":23,"column":11},"end":{"line":26,"column":null}}]},"2":{"loc":{"start":{"line":28,"column":4},"end":{"line":28,"column":24}},"type":"if","locations":[{"start":{"line":28,"column":4},"end":{"line":28,"column":24}}]},"3":{"loc":{"start":{"line":30,"column":29},"end":{"line":30,"column":52}},"type":"binary-expr","locations":[{"start":{"line":30,"column":29},"end":{"line":30,"column":49}},{"start":{"line":30,"column":49},"end":{"line":30,"column":52}}]},"4":{"loc":{"start":{"line":52,"column":4},"end":{"line":54,"column":null}},"type":"if","locations":[{"start":{"line":52,"column":4},"end":{"line":54,"column":null}}]},"5":{"loc":{"start":{"line":86,"column":4},"end":{"line":90,"column":null}},"type":"if","locations":[{"start":{"line":86,"column":4},"end":{"line":90,"column":null}}]}},"s":{"0":1,"1":14,"2":14,"3":14,"4":14,"5":14,"6":14,"7":10,"8":10,"9":4,"10":4,"11":14,"12":0,"13":14,"14":14,"15":14,"16":14,"17":32,"18":0,"19":18,"20":16,"21":2,"22":14,"23":14,"24":14,"25":14,"26":14,"27":14,"28":1,"29":1},"f":{"0":14,"1":32,"2":0,"3":18,"4":14,"5":14,"6":14},"b":{"0":[14],"1":[10,4],"2":[0],"3":[14,14],"4":[16],"5":[14]}}
,"/Users/manuelreil/alyne.com/dev/json-rules-engine/src/index.js": {"path":"/Users/manuelreil/alyne.com/dev/json-rules-engine/src/index.js","statementMap":{"0":{"start":{"line":3,"column":0},"end":{"line":3,"column":7}}},"fnMap":{},"branchMap":{},"s":{"0":1},"f":{},"b":{}}
,"/Users/manuelreil/alyne.com/dev/json-rules-engine/src/json-rules-engine.js": {"path":"/Users/manuelreil/alyne.com/dev/json-rules-engine/src/json-rules-engine.js","statementMap":{"0":{"start":{"line":42,"column":2},"end":{"line":42,"column":9}},"1":{"start":{"line":1,"column":0},"end":{"line":1,"column":null}},"2":{"start":{"line":2,"column":0},"end":{"line":2,"column":null}},"3":{"start":{"line":3,"column":0},"end":{"line":3,"column":null}},"4":{"start":{"line":4,"column":0},"end":{"line":4,"column":null}},"5":{"start":{"line":5,"column":0},"end":{"line":5,"column":null}},"6":{"start":{"line":6,"column":0},"end":{"line":6,"column":null}},"7":{"start":{"line":9,"column":0},"end":{"line":9,"column":null}},"8":{"start":{"line":10,"column":0},"end":{"line":10,"column":null}},"9":{"start":{"line":11,"column":0},"end":{"line":11,"column":null}},"10":{"start":{"line":12,"column":0},"end":{"line":12,"column":null}},"11":{"start":{"line":13,"column":0},"end":{"line":13,"column":null}},"12":{"start":{"line":16,"column":0},"end":{"line":16,"column":null}},"13":{"start":{"line":17,"column":0},"end":{"line":17,"column":null}},"14":{"start":{"line":18,"column":0},"end":{"line":18,"column":null}},"15":{"start":{"line":19,"column":0},"end":{"line":19,"column":null}}},"fnMap":{"0":{"name":"(anonymous_0)","decl":{"start":{"line":41,"column":15},"end":{"line":41,"column":25}},"loc":{"start":{"line":41,"column":41},"end":{"line":43,"column":null}}}},"branchMap":{},"s":{"0":0,"1":1,"2":1,"3":1,"4":1,"5":1,"6":1,"7":1,"8":1,"9":1,"10":1,"11":1,"12":1,"13":1,"14":1,"15":1},"f":{"0":0},"b":{}}
,"/Users/manuelreil/alyne.com/dev/json-rules-engine/src/operator-decorator.js": {"path":"/Users/manuelreil/alyne.com/dev/json-rules-engine/src/operator-decorator.js","statementMap":{"0":{"start":{"line":3,"column":0},"end":{"line":3,"column":null}},"1":{"start":{"line":13,"column":45},"end":{"line":13,"column":null}},"2":{"start":{"line":14,"column":4},"end":{"line":14,"column":9}},"3":{"start":{"line":15,"column":4},"end":{"line":15,"column":21}},"4":{"start":{"line":15,"column":15},"end":{"line":15,"column":21}},"5":{"start":{"line":16,"column":4},"end":{"line":16,"column":40}},"6":{"start":{"line":16,"column":34},"end":{"line":16,"column":40}},"7":{"start":{"line":17,"column":4},"end":{"line":17,"column":9}},"8":{"start":{"line":18,"column":4},"end":{"line":18,"column":9}},"9":{"start":{"line":19,"column":4},"end":{"line":19,"column":39}},"10":{"start":{"line":19,"column":34},"end":{"line":19,"column":39}},"11":{"start":{"line":19,"column":60},"end":{"line":19,"column":66}},"12":{"start":{"line":27,"column":22},"end":{"line":27,"column":null}},"13":{"start":{"line":28,"column":17},"end":{"line":28,"column":26}},"14":{"start":{"line":29,"column":4},"end":{"line":29,"column":11}},"15":{"start":{"line":32,"column":10},"end":{"line":32,"column":17}}},"fnMap":{"0":{"name":"OperatorDecorator","decl":{"start":{"line":13,"column":2},"end":{"line":13,"column":15}},"loc":{"start":{"line":13,"column":45},"end":{"line":20,"column":null}}},"1":{"name":"(anonymous_7)","decl":{"start":{"line":19,"column":60},"end":{"line":19,"column":66}},"loc":{"start":{"line":19,"column":60},"end":{"line":19,"column":66}}},"2":{"name":"decorate","decl":{"start":{"line":27,"column":12},"end":{"line":27,"column":22}},"loc":{"start":{"line":27,"column":22},"end":{"line":36,"column":null}}},"3":{"name":"(anonymous_9)","decl":{"start":{"line":31,"column":8},"end":{"line":31,"column":9}},"loc":{"start":{"line":31,"column":34},"end":{"line":33,"column":null}}}},"branchMap":{"0":{"loc":{"start":{"line":15,"column":4},"end":{"line":15,"column":21}},"type":"if","locations":[{"start":{"line":15,"column":4},"end":{"line":15,"column":21}}]},"1":{"loc":{"start":{"line":16,"column":4},"end":{"line":16,"column":40}},"type":"if","locations":[{"start":{"line":16,"column":4},"end":{"line":16,"column":40}}]},"2":{"loc":{"start":{"line":19,"column":4},"end":{"line":19,"column":39}},"type":"if","locations":[{"start":{"line":19,"column":4},"end":{"line":19,"column":39}}]}},"s":{"0":1,"1":8,"2":8,"3":8,"4":0,"5":8,"6":0,"7":8,"8":8,"9":8,"10":6,"11":0,"12":1,"13":1,"14":1,"15":0},"f":{"0":8,"1":0,"2":1,"3":0},"b":{"0":[0],"1":[0],"2":[6]}}
,"/Users/manuelreil/alyne.com/dev/json-rules-engine/src/operator-map.js": {"path":"/Users/manuelreil/alyne.com/dev/json-rules-engine/src/operator-map.js","statementMap":{"0":{"start":{"line":3,"column":0},"end":{"line":3,"column":null}},"1":{"start":{"line":4,"column":0},"end":{"line":4,"column":null}},"2":{"start":{"line":5,"column":0},"end":{"line":5,"column":null}},"3":{"start":{"line":8,"column":17},"end":{"line":8,"column":null}},"4":{"start":{"line":9,"column":4},"end":{"line":9,"column":9}},"5":{"start":{"line":10,"column":4},"end":{"line":10,"column":9}},"6":{"start":{"line":19,"column":8},"end":{"line":19,"column":null}},"7":{"start":{"line":20,"column":4},"end":{"line":24,"column":null}},"8":{"start":{"line":21,"column":6},"end":{"line":21,"column":17}},"9":{"start":{"line":23,"column":6},"end":{"line":23,"column":17}},"10":{"start":{"line":25,"column":4},"end":{"line":25,"column":10}},"11":{"start":{"line":26,"column":4},"end":{"line":26,"column":9}},"12":{"start":{"line":35,"column":8},"end":{"line":35,"column":null}},"13":{"start":{"line":36,"column":4},"end":{"line":40,"column":null}},"14":{"start":{"line":37,"column":6},"end":{"line":37,"column":21}},"15":{"start":{"line":39,"column":6},"end":{"line":39,"column":21}},"16":{"start":{"line":44,"column":19},"end":{"line":44,"column":null}},"17":{"start":{"line":45,"column":26},"end":{"line":45,"column":32}},"18":{"start":{"line":46,"column":4},"end":{"line":50,"column":null}},"19":{"start":{"line":46,"column":17},"end":{"line":46,"column":20}},"20":{"start":{"line":47,"column":6},"end":{"line":49,"column":null}},"21":{"start":{"line":48,"column":8},"end":{"line":48,"column":13}},"22":{"start":{"line":52,"column":4},"end":{"line":52,"column":11}},"23":{"start":{"line":61,"column":8},"end":{"line":61,"column":null}},"24":{"start":{"line":62,"column":4},"end":{"line":66,"column":null}},"25":{"start":{"line":63,"column":6},"end":{"line":63,"column":18}},"26":{"start":{"line":65,"column":6},"end":{"line":65,"column":18}},"27":{"start":{"line":67,"column":4},"end":{"line":67,"column":10}},"28":{"start":{"line":68,"column":4},"end":{"line":68,"column":9}},"29":{"start":{"line":76,"column":8},"end":{"line":76,"column":null}},"30":{"start":{"line":77,"column":4},"end":{"line":81,"column":null}},"31":{"start":{"line":78,"column":6},"end":{"line":78,"column":22}},"32":{"start":{"line":80,"column":6},"end":{"line":80,"column":22}},"33":{"start":{"line":85,"column":19},"end":{"line":85,"column":null}},"34":{"start":{"line":86,"column":26},"end":{"line":86,"column":32}},"35":{"start":{"line":87,"column":4},"end":{"line":91,"column":null}},"36":{"start":{"line":87,"column":17},"end":{"line":87,"column":20}},"37":{"start":{"line":88,"column":6},"end":{"line":90,"column":null}},"38":{"start":{"line":89,"column":8},"end":{"line":89,"column":13}},"39":{"start":{"line":93,"column":4},"end":{"line":93,"column":11}},"40":{"start":{"line":102,"column":23},"end":{"line":102,"column":null}},"41":{"start":{"line":103,"column":17},"end":{"line":103,"column":null}},"42":{"start":{"line":105,"column":4},"end":{"line":124,"column":null}},"43":{"start":{"line":107,"column":34},"end":{"line":107,"column":41}},"44":{"start":{"line":108,"column":6},"end":{"line":123,"column":null}},"45":{"start":{"line":110,"column":30},"end":{"line":110,"column":37}},"46":{"start":{"line":111,"column":26},"end":{"line":111,"column":31}},"47":{"start":{"line":112,"column":8},"end":{"line":115,"column":null}},"48":{"start":{"line":113,"column":10},"end":{"line":113,"column":16}},"49":{"start":{"line":114,"column":10},"end":{"line":114,"column":17}},"50":{"start":{"line":117,"column":8},"end":{"line":117,"column":19}},"51":{"start":{"line":119,"column":8},"end":{"line":119,"column":17}},"52":{"start":{"line":121,"column":8},"end":{"line":121,"column":14}},"53":{"start":{"line":122,"column":8},"end":{"line":122,"column":15}},"54":{"start":{"line":126,"column":13},"end":{"line":126,"column":18}},"55":{"start":{"line":128,"column":4},"end":{"line":133,"column":null}},"56":{"start":{"line":128,"column":17},"end":{"line":128,"column":20}},"57":{"start":{"line":129,"column":6},"end":{"line":129,"column":11}},"58":{"start":{"line":132,"column":6},"end":{"line":132,"column":11}},"59":{"start":{"line":135,"column":4},"end":{"line":135,"column":11}}},"fnMap":{"0":{"name":"OperatorMap","decl":{"start":{"line":8,"column":2},"end":{"line":8,"column":17}},"loc":{"start":{"line":8,"column":17},"end":{"line":11,"column":null}}},"1":{"name":"addOperator","decl":{"start":{"line":18,"column":15},"end":{"line":18,"column":31}},"loc":{"start":{"line":18,"column":35},"end":{"line":27,"column":null}}},"2":{"name":"removeOperator","decl":{"start":{"line":34,"column":18},"end":{"line":34,"column":34}},"loc":{"start":{"line":34,"column":34},"end":{"line":53,"column":null}}},"3":{"name":"addOperatorDecorator","decl":{"start":{"line":60,"column":24},"end":{"line":60,"column":41}},"loc":{"start":{"line":60,"column":45},"end":{"line":69,"column":null}}},"4":{"name":"removeOperatorDecorator","decl":{"start":{"line":75,"column":27},"end":{"line":75,"column":44}},"loc":{"start":{"line":75,"column":44},"end":{"line":94,"column":null}}},"5":{"name":"get","decl":{"start":{"line":101,"column":7},"end":{"line":101,"column":13}},"loc":{"start":{"line":101,"column":13},"end":{"line":136,"column":null}}}},"branchMap":{"0":{"loc":{"start":{"line":20,"column":4},"end":{"line":24,"column":null}},"type":"if","locations":[{"start":{"line":20,"column":4},"end":{"line":24,"column":null}},{"start":{"line":22,"column":11},"end":{"line":24,"column":null}}]},"1":{"loc":{"start":{"line":36,"column":4},"end":{"line":40,"column":null}},"type":"if","locations":[{"start":{"line":36,"column":4},"end":{"line":40,"column":null}},{"start":{"line":38,"column":11},"end":{"line":40,"column":null}}]},"2":{"loc":{"start":{"line":47,"column":6},"end":{"line":49,"column":null}},"type":"if","locations":[{"start":{"line":47,"column":6},"end":{"line":49,"column":null}}]},"3":{"loc":{"start":{"line":62,"column":4},"end":{"line":66,"column":null}},"type":"if","locations":[{"start":{"line":62,"column":4},"end":{"line":66,"colu
[...]
,"end":{"line":253,"column":null}},"98":{"start":{"line":252,"column":8},"end":{"line":252,"column":15}},"99":{"start":{"line":254,"column":6},"end":{"line":256,"column":null}},"100":{"start":{"line":255,"column":8},"end":{"line":255,"column":15}},"101":{"start":{"line":257,"column":26},"end":{"line":257,"column":31}},"102":{"start":{"line":258,"column":19},"end":{"line":258,"column":null}},"103":{"start":{"line":260,"column":6},"end":{"line":269,"column":null}},"104":{"start":{"line":260,"column":19},"end":{"line":260,"column":22}},"105":{"start":{"line":261,"column":20},"end":{"line":261,"column":32}},"106":{"start":{"line":262,"column":8},"end":{"line":268,"column":null}},"107":{"start":{"line":263,"column":10},"end":{"line":263,"column":19}},"108":{"start":{"line":264,"column":10},"end":{"line":264,"column":28}},"109":{"start":{"line":264,"column":22},"end":{"line":264,"column":28}},"110":{"start":{"line":266,"column":10},"end":{"line":266,"column":19}},"111":{"start":{"line":267,"column":10},"end":{"line":267,"column":29}},"112":{"start":{"line":267,"column":23},"end":{"line":267,"column":29}},"113":{"start":{"line":270,"column":6},"end":{"line":270,"column":13}},"114":{"start":{"line":278,"column":16},"end":{"line":280,"column":null}},"115":{"start":{"line":279,"column":6},"end":{"line":279,"column":13}},"116":{"start":{"line":287,"column":16},"end":{"line":289,"column":null}},"117":{"start":{"line":288,"column":6},"end":{"line":288,"column":13}},"118":{"start":{"line":296,"column":16},"end":{"line":298,"column":null}},"119":{"start":{"line":297,"column":6},"end":{"line":297,"column":13}},"120":{"start":{"line":305,"column":20},"end":{"line":321,"column":null}},"121":{"start":{"line":306,"column":24},"end":{"line":306,"column":29}},"122":{"start":{"line":307,"column":6},"end":{"line":320,"column":null}},"123":{"start":{"line":308,"column":8},"end":{"line":315,"column":null}},"124":{"start":{"line":309,"column":10},"end":{"line":309,"column":29}},"125":{"start":{"line":310,"column":10},"end":{"line":310,"column":17}},"126":{"start":{"line":312,"column":10},"end":{"line":312,"column":16}},"127":{"start":{"line":317,"column":8},"end":{"line":317,"column":15}},"128":{"start":{"line":318,"column":8},"end":{"line":318,"column":15}},"129":{"start":{"line":319,"column":8},"end":{"line":319,"column":15}},"130":{"start":{"line":327,"column":26},"end":{"line":336,"column":null}},"131":{"start":{"line":328,"column":6},"end":{"line":328,"column":17}},"132":{"start":{"line":330,"column":6},"end":{"line":332,"column":null}},"133":{"start":{"line":331,"column":8},"end":{"line":331,"column":19}},"134":{"start":{"line":333,"column":20},"end":{"line":333,"column":null}},"135":{"start":{"line":334,"column":6},"end":{"line":334,"column":11}},"136":{"start":{"line":335,"column":6},"end":{"line":335,"column":13}},"137":{"start":{"line":338,"column":4},"end":{"line":350,"column":null}},"138":{"start":{"line":339,"column":21},"end":{"line":339,"column":25}},"139":{"start":{"line":340,"column":6},"end":{"line":340,"column":13}},"140":{"start":{"line":341,"column":11},"end":{"line":350,"column":null}},"141":{"start":{"line":342,"column":21},"end":{"line":342,"column":25}},"142":{"start":{"line":343,"column":6},"end":{"line":343,"column":13}},"143":{"start":{"line":344,"column":11},"end":{"line":350,"column":null}},"144":{"start":{"line":345,"column":21},"end":{"line":345,"column":25}},"145":{"start":{"line":346,"column":6},"end":{"line":346,"column":13}},"146":{"start":{"line":348,"column":21},"end":{"line":348,"column":29}},"147":{"start":{"line":349,"column":6},"end":{"line":349,"column":13}}},"fnMap":{"0":{"name":"RuleSync","decl":{"start":{"line":21,"column":2},"end":{"line":21,"column":15}},"loc":{"start":{"line":21,"column":24},"end":{"line":44,"column":null}}},"1":{"name":"setPriority","decl":{"start":{"line":50,"column":15},"end":{"line":50,"column":25}},"loc":{"start":{"line":50,"column":25},"end":{"line":55,"column":null}}},"2":{"name":"setName","decl":{"start":{"line":61,"column":11},"end":{"line":61,"column":17}},"loc":{"start":{"line":61,"column":17},"end":{"line":67,"column":null}}},"3":{"name":"setConditions","decl":{"start":{"line":73,"column":17},"end":{"line":73,"column":29}},"loc":{"start":{"line":73,"column":29},"end":{"line":86,"column":null}}},"4":{"name":"setEvent","decl":{"start":{"line":94,"column":12},"end":{"line":94,"column":19}},"loc":{"start":{"line":94,"column":19},"end":{"line":107,"column":null}}},"5":{"name":"getEvent","decl":{"start":{"line":113,"column":14},"end":{"line":113,"column":null}},"loc":{"start":{"line":113,"column":14},"end":{"line":115,"column":null}}},"6":{"name":"getPriority","decl":{"start":{"line":121,"column":17},"end":{"line":121,"column":null}},"loc":{"start":{"line":121,"column":17},"end":{"line":123,"column":null}}},"7":{"name":"getConditions","decl":{"start":{"line":129,"column":19},"end":{"line":129,"column":null}},"loc":{"start":{"line":129,"column":19},"end":{"line":131,"column":null}}},"8":{"name":"getEngine","decl":{"start":{"line":137,"column":15},"end":{"line":137,"column":null}},"loc":{"start":{"line":137,"column":15},"end":{"line":139,"column":null}}},"9":{"name":"setEngine","decl":{"start":{"line":146,"column":13},"end":{"line":146,"column":21}},"loc":{"start":{"line":146,"column":21},"end":{"line":149,"column":null}}},"10":{"name":"toJSON","decl":{"start":{"line":151,"column":28},"end":{"line":151,"column":null}},"loc":{"start":{"line":151,"column":28},"end":{"line":162,"column":null}}},"11":{"name":"prioritizeConditions","decl":{"start":{"line":169,"column":24},"end":{"line":169,"column":36}},"loc":{"start":{"line":169,"column":36},"end":{"line":185,"column":null}}},"12":{"name":"(anonymous_20)","decl":{"start":{"line":170,"column":39},"end":{"line":170,"column":40}},"loc":{"start":{"line":170,"column":60},"end":{"line":179,"column":7}}},"13":{"name":"(anonymous_21)","decl":{"start":{"line":181,"column":12},"end":{"line":181,"column":13}},"loc":{"start":{"line":181,"column":22},"end":{"line":183,"column":null}}},"14":{"name":"(anonymous_22)","decl":{"start":{"line":184,"column":11},"end":{"line":184,"column":12}},"loc":{"start":{"line":184,"column":11},"end":{"line":184,"column":12}}},"15":{"name":"evaluate","decl":{"start":{"line":191,"column":12},"end":{"line":191,"column":21}},"loc":{"start":{"line":191,"column":21},"end":{"line":351,"column":null}}},"16":{"name":"evaluateCondition","decl":{"start":{"line":204,"column":10},"end":{"line":204,"column":30}},"loc":{"start":{"line":204,"column":45},"end":{"line":228,"column":null}}},"17":{"name":"evaluateConditions","decl":{"start":{"line":236,"column":10},"end":{"line":236,"column":31}},"loc":{"start":{"line":236,"column":55},"end":{"line":242,"column":null}}},"18":{"name":"(anonymous_26)","decl":{"start":{"line":239,"column":46},"end":{"line":239,"column":47}},"loc":{"start":{"line":239,"column":46},"end":{"line":239,"column":47}}},"19":{"name":"(anonymous_27)","decl":{"start":{"line":241,"column":43},"end":{"line":241,"column":44}},"loc":{"start":{"line":241,"column":43},"end":{"line":241,"column":44}}},"20":{"name":"prioritizeAndRun","decl":{"start":{"line":250,"column":10},"end":{"line":250,"column":29}},"loc":{"start":{"line":250,"column":55},"end":{"line":271,"column":null}}},"21":{"name":"any","decl":{"start":{"line":278,"column":10},"end":{"line":278,"column":16}},"loc":{"start":{"line":278,"column":32},"end":{"line":280,"column":null}}},"22":{"name":"all","decl":{"start":{"line":287,"column":10},"end":{"line":287,"column":16}},"loc":{"start":{"line":287,"column":32},"end":{"line":289,"column":null}}},"23":{"name":"not","decl":{"start":{"line":296,"column":10},"end":{"line":296,"column":16}},"loc":{"start":{"line":296,"column":31},"end":{"line":298,"column":null}}},"24":{"name":"realize","decl":{"start":{"line":305,"column":10},"end":{"line":305,"column":20}},"loc":{"start":{"line":305,"column":44},"end":{"line":321,"column":null}}},"25":{"name":"processResult","decl":{"start":{"line":327,"column":10},"end":{"line":327,"column":26}},"loc":{"start":{"line":327,"column":38},"end":{"line":336,"column":null}}}},"branchMap":{"0":{"loc":{"start":{"line":21,"column":24},"end":{"line":21,"column":null}},"type":"binary-expr","locations":[{"start":{"line":21,"column":24},"end":{"line":21,"column":null}},{"start":{"line":21,"column":24},"end":{"line":21,"column":null}}]},"1":{"loc":{"start":{"line":23,"column":4},"end":{"line":25,"column":null}},"type":"if","locations":[{"start":{"line":23,"column":4},"end":{"line":25,"column":null}}]},"2":{"loc":{"start":{"line":26,"column":4},"end":{"line":28,"column":null}},"type":"if","locations":[{"start":{"line":26,"column":4},"end":{"line":28,"column":null}}]},"3":{"loc":{"start":{"line":26,"column":8},"end":{"line":26,"column":39}},"type":"binary-expr","locations":[{"start":{"line":26,"column":8},"end":{"line":26,"column":19}},{"start":{"line":26,"column":19},"end":{"line":26,"column":39}}]},"4":{"loc":{"start":{"line":29,"column":4},"end":{"line":31,"column":null}},"type":"if","locations":[{"start":{"line":29,"column":4},"end":{"line":31,"column":null}}]},"5":{"loc":{"start":{"line":29,"column":8},"end":{"line":29,"column":38}},"type":"binary-expr","locations":[{"start":{"line":29,"column":8},"end":{"line":29,"column":19}},{"start":{"line":29,"column":19},"end":{"line":29,"column":38}}]},"6":{"loc":{"start":{"line":32,"column":4},"end":{"line":34,"column":null}},"type":"if","locations":[{"start":{"line":32,"column":4},"end":{"line":34,"column":null}}]},"7":{"loc":{"start":{"line":32,"column":8},"end":{"line":32,"column":38}},"type":"binary-expr","locations":[{"start":{"line":32,"column":8},"end":{"line":32,"column":19}},{"start":{"line":32,"column":19},"end":{"line":32,"column":38}}]},"8":{"loc":{"start":{"line":35,"column":4},"end":{"line":37,"column":null}},"type":"if","locations":[{"start":{"line":35,"column":4},"end":{"line":37,"column":null}}]},"9":{"loc":{"start":{"line":35,"column":8},"end":{"line":35,"column":20}},"type":"binary-expr","locations":[{"start":{"line":35,"column":8},"end":{"line":35,"column":20}},{"start":{"line":35,"column":20},"end":{"line":35,"column":36}},{"start":{"line":35,"column":36},"end":{"line":35,"column":57}}]},"10":{"loc":{"start":{"line":39,"column":22},"end":{"line":39,"column":null}},"type":"binary-expr","locations":[{"start":{"line":39,"column":22},"end":{"line":39,"column":33}},{"start":{"line":39,"column":33},"end":{"line":39,"column":54}},{"start":{"line":39,"column":54},"end":{"line":39,"column":null}}]},"11":{"loc":{"start":{"line":42,"column":19},"end":{"line":42,"column":50}},"type":"binary-expr","locations":[{"start":{"line":42,"column":19},"end":{"line":42,"column":30}},{"start":{"line":42,"column":30},"end":{"line":42,"column":48}},{"start":{"line":42,"column":48},"end":{"line":42,"column":50}}]},"12":{"loc":{"start":{"line":52,"column":4},"end":{"line":52,"column":29}},"type":"if","locations":[{"start":{"line":52,"column":4},"end":{"line":52,"column":29}}]},"13":{"loc":{"start":{"line":62,"column":4},"end":{"line":64,"column":null}},"type":"if","locations":[{"start":{"line":62,"column":4},"end":{"line":64,"column":null}}]},"14":{"loc":{"start":{"line":62,"column":8},"end":{"line":62,"column":29}},"type":"binary-expr","locations":[{"start":{"line":62,"column":8},"end":{"line":62,"column":17}},{"start":{"line":62,"column":17},"end":{"line":62,"column":29}}]},"15":{"loc":{"start":{"line":74,"column":4},"end":{"line":83,"column":null}},"type":"if","locations":[{"start":{"line":74,"column":4},"end":{"line":83,"column":null}}]},"16":{"loc":{"start":{"line":75,"column":6},"end":{"line":78,"column":14}},"type":"binary-expr","locations":[{"start":{"line":75,"column":6},"end":{"line":75,"column":14}},{"start":{"line":76,"column":6},"end":{"line":76,"column":14}},{"start":{"line":77,"column":6},"end":{"line":77,"column":14}},{"start":{"line":78,"column":6},"end":{"line":78,"column":14}}]},"17":{"loc":{"start":{"line":95,"column":4},"end":{"line":95,"column":22}},"type":"if","locations":[{"start":{"line":95,"column":4},"end":{"line":95,"column":22}}]},"18":{"loc":{"start":{"line":96,"column":4},"end":{"line":100,"column":null}},"type":"if","locations":[{"start":{"line":96,"column":4},"end":{"line":100,"column":null}}]},"19":{"loc":{"start":{"line":105,"column":4},"end":{"line":105,"column":27}},"type":"if","locations":[{"start":{"line":105,"column":4},"end":{"line":105,"column":27}}]},"20":{"loc":{"start":{"line":151,"column":28},"end":{"line":151,"column":27}},"type":"cond-expr","locations":[{"start":{"line":151,"column":28},"end":{"line":151,"column":null}},{"start":{"line":151,"column":22},"end":{"line":151,"column":28}}]},"21":{"loc":{"start":{"line":151,"column":28},"end":{"line":151,"column":null}},"type":"binary-expr","locations":[{"start":{"line":151,"column":28},"end":{"line":151,"column":null}},{"start":{"line":151,"column":28},"end":{"line":151,"column":null}}]},"22":{"loc":{"start":{"line":158,"column":4},"end":{"line":160,"column":null}},"type":"if","locations":[{"start":{"line":158,"column":4},"end":{"line":160,"column":null}}]},"23":{"loc":{"start":{"line":172,"column":6},"end":{"line":175,"column":null}},"type":"if","locations":[{"start":{"line":172,"column":6},"end":{"line":175,"column":null}}]},"24":{"loc":{"start":{"line":174,"column":20},"end":{"line":174,"column":null}},"type":"binary-expr","locations":[{"start":{"line":174,"column":20},"end":{"line":174,"column":28}},{"start":{"line":174,"column":28},"end":{"line":174,"column":46}},{"start":{"line":174,"column":46},"end":{"line":174,"column":null}}]},"25":{"loc":{"start":{"line":176,"column":6},"end":{"line":176,"column":32}},"type":"if","locations":[{"start":{"line":176,"column":6},"end":{"line":176,"column":32}}]},"26":{"loc":{"start":{"line":182,"column":15},"end":{"line":182,"column":null}},"type":"cond-expr","locations":[{"start":{"line":182,"column":39},"end":{"line":182,"column":44}},{"start":{"line":182,"column":44},"end":{"line":182,"column":null}}]},"27":{"loc":{"start":{"line":205,"column":6},"end":{"line":227,"column":null}},"type":"if","locations":[{"start":{"line":205,"column":6},"end":{"line":227,"column":null}},{"start":{"line":207,"column":13},"end":{"line":227,"column":null}}]},"28":{"loc":{"start":{"line":207,"column":13},"end":{"line":227,"column":null}},"type":"if","locations":[{"start":{"line":207,"column":13},"end":{"line":227,"column":null}},{"start":{"line":220,"column":13},"end":{"line":227,"column":null}}]},"29":{"loc":{"start":{"line":210,"column":8},"end":{"line":216,"column":null}},"type":"if","locations":[{"start":{"line":210,"column":8},"end":{"line":216,"column":null}},{"start":{"line":212,"column":15},"end":{"line":216,"column":null}}]},"30":{"loc":{"start":{"line":212,"column":15},"end":{"line":216,"column":null}},"type":"if","locations":[{"start":{"line":212,"column":15},"end":{"line":216,"column":null}},{"start":{"line":214,"column":15},"end":{"line":216,"column":null}}]},"31":{"loc":{"start":{"line":237,"column":6},"end":{"line":237,"column":51}},"type":"if","locations":[{"start":{"line":237,"column":6},"end":{"line":237,"column":51}}]},"32":{"loc":{"start":{"line":251,"column":6},"end":{"line":253,"column":null}},"type":"if","locations":[{"start":{"line":251,"column":6},"end":{"line":253,"column":null}}]},"33":{"loc":{"start":{"line":254,"column":6},"end":{"line":256,"column":null}},"type":"if","locations":[{"start":{"line":254,"column":6},"end":{"line":256,"column":null}}]},"34":{"loc":{"start":{"line":262,"column":8},"end":{"line":268,"column":null}},"type":"if","locations":[{"start":{"line":262,"column":8},"end":{"line":268,"column":null}},{"start":{"line":265,"column":15},"end":{"line":268,"column":null}}]},"35":{"loc":{"start":{"line":263,"column":19},"end":{"line":263,"column":48}},"type":"binary-expr","locations":[{"start":{"line":263,"column":19},"end":{"line":263,"column":29}},{"start":{"line":263,"column":29},"end":{"line":263,"column":48}}]},"36":{"loc":{"start":{"line":264,"column":10},"end":{"line":264,"column":28}},"type":"if","locations":[{"start":{"line":264,"column":10},"end":{"line":264,"column":28}}]},"37":{"loc":{"start":{"line":266,"column":19},"end":{"line":266,"column":48}},"type":"binary-expr","locations":[{"start":{"line":266,"column":19},"end":{"line":266,"column":29}},{"start":{"line":266,"column":29},"end":{"line":266,"column":48}}]},"38":{"loc":{"start":{"line":267,"column":10},"end":{"line":267,"column":29}},"type":"if","locations":[{"start":{"line":267,"column":10},"end":{"line":267,"column":29}}]},"39":{"loc":{"start":{"line":307,"column":6},"end":{"line":320,"column":null}},"type":"if","locations":[{"start":{"line":307,"column":6},"end":{"line":320,"column":null}},{"start":{"line":316,"column":13},"end":{"line":320,"column":null}}]},"40":{"loc":{"start":{"line":308,"column":8},"end":{"line":315,"column":null}},"type":"if","locations":[{"start":{"line":308,"column":8},"end":{"line":315,"column":null}},{"start":{"line":311,"column":15},"end":{"line":315,"column":null}}]},"41":{"loc":{"start":{"line":330,"column":6},"end":{"line":332,"column":null}},"type":"if","locations":[{"start":{"line":330,"column":6},"end":{"line":332,"column":null}}]},"42":{"loc":{"start":{"line":333,"column":20},"end":{"line":333,"column":null}},"type":"cond-expr","locations":[{"start":{"line":333,"column":29},"end":{"line":333,"column":41}},{"start":{"line":333,"column":41},"end":{"line":333,"column":null}}]},"43":{"loc":{"start":{"line":338,"column":4},"end":{"line":350,"column":null}},"type":"if","locations":[{"start":{"line":338,"column":4},"end":{"line":350,"column":null}},{"start":{"line":341,"column":11},"end":{"line":350,"column":null}}]},"44":{"loc":{"start":{"line":341,"column":11},"end":{"line":350,"column":null}},"type":"if","locations":[{"start":{"line":341,"column":11},"end":{"line":350,"column":null}},{"start":{"line":344,"column":11},"end":{"line":350,"column":null}}]},"45":{"loc":{"start":{"line":344,"column":11},"end":{"line":350,"column":null}},"type":"if","locations":[{"start":{"line":344,"column":11},"end":{"line":350,"column":null}},{"start":{"line":347,"column":11},"end":{"line":350,"column":null}}]}},"s":{"0":1,"1":1,"2":1,"3":1,"4":1,"5":0,"6":0,"7":0,"8":0,"9":0,"10":0,"11":0,"12":0,"13":0,"14":0,"15":0,"16":0,"17":0,"18":0,"19":0,"20":0,"21":0,"22":0,"23":0,"24":0,"25":0,"26":0,"27":0,"28":0,"29":0,"30":0,"31":0,"32":0,"33":0,"34":0,"35":0,"36":0,"37":0,"38":0,"39":0,"40":0,"41":0,"42":0,"43":0,"44":0,"45":0,"46":0,"47":0,"48":0,"49":0,"50":0,"51":0,"52":0,"53":0,"54":0,"55":0,"56":0,"57":0,"58":0,"59":0,"60":0,"61":0,"62":0,"63":0,"64":0,"65":0,"66":0,"67":0,"68":0,"69":0,"70":0,"71":0,"72":0,"73":0,"74":0,"75":0,"76":0,"77":0,"78":0,"79":0,"80":0,"81":0,"82":0,"83":0,"84":0,"85":0,"86":0,"87":0,"88":0,"89":0,"90":0,"91":0,"92":0,"93":0,"94":0,"95":0,"96":0,"97":0,"98":0,"99":0,"100":0,"101":0,"102":0,"103":0,"104":0,"105":0,"106":0,"107":0,"108":0,"109":0,"110":0,"111":0,"112":0,"113":0,"114":0,"115":0,"116":0,"117":0,"118":0,"119":0,"120":0,"121":0,"122":0,"123":0,"124":0,"125":0,"126":0,"127":0,"128":0,"129":0,"130":0,"131":0,"132":0,"133":0,"134":0,"135":0,"136":0,"137":0,"138":0,"139":0,"140":0,"141":0,"142":0,"143":0,"144":0,"145":0,"146":0,"147":0},"f":{"0":0,"1":0,"2":0,"3":0,"4":0,"5":0,"6":0,"7":0,"8":0,"9":0,"10":0,"11":0,"12":0,"13":0,"14":0,"15":0,"16":0,"17":0,"18":0,"19":0,"20":0,"21":0,"22":0,"23":0,"24":0,"25":0},"b":{"0":[0,0],"1":[0],"2":[0],"3":[0,0],"4":[0],"5":[0,0],"6":[0],"7":[0,0],"8":[0],"9":[0,0,0],"10":[0,0,0],"11":[0,0,0],"12":[0],"13":[0],"14":[0,0],"15":[0],"16":[0,0,0,0],"17":[0],"18":[0],"19":[0],"20":[0,0],"21":[0,0],"22":[0],"23":[0],"24":[0,0,0],"25":[0],"26":[0,0],"27":[0,0],"28":[0,0],"29":[0,0],"30":[0,0],"31":[0],"32":[0],"33":[0],"34":[0,0],"35":[0,0],"36":[0],"37":[0,0],"38":[0],"39":[0,0],"40":[0,0],"41":[0],"42":[0,0],"43":[0,0],"44":[0,0],"45":[0,0]}}
}
